2018-08-08 10:13:41,551 [9] INFO  GXEBRebackSaveTool.FormMain [(null)] - 回传服务启动：启动时间->2018-08-08 10:13:41
2018-08-08 10:13:45,998 [11] INFO  GXEBRebackSaveTool.Utils.DataDealHelper [(null)] - 开始解析数据-35
2018-08-08 10:13:46,048 [17] INFO  GXEBRebackSaveTool.FormMain [(null)] - 握手应答指令已发送
2018-08-08 10:13:53,171 [11] INFO  GXEBRebackSaveTool.Utils.DataDealHelper [(null)] - 开始解析数据-35
2018-08-08 10:14:02,288 [11] INFO  GXEBRebackSaveTool.Utils.DataDealHelper [(null)] - 开始解析数据-35
2018-08-08 10:14:11,304 [11] INFO  GXEBRebackSaveTool.Utils.DataDealHelper [(null)] - 开始解析数据-35
2018-08-08 10:14:20,406 [11] INFO  GXEBRebackSaveTool.Utils.DataDealHelper [(null)] - 开始解析数据-35
2018-08-08 10:14:29,513 [11] INFO  GXEBRebackSaveTool.Utils.DataDealHelper [(null)] - 开始解析数据-35
2018-08-08 10:14:38,521 [11] INFO  GXEBRebackSaveTool.Utils.DataDealHelper [(null)] - 开始解析数据-35
2018-08-08 10:14:42,628 [11] INFO  GXEBRebackSaveTool.Utils.DataDealHelper [(null)] - 开始解析数据-93
2018-08-08 10:14:42,628 [18] INFO  GXEBRebackSaveTool.FormMain [(null)] - 握手应答指令已发送
2018-08-08 10:14:48,546 [20] ERROR GXEBRebackSaveTool.Utils.DataDealHelper [(null)] - 打开接收工具
2018-08-08 10:14:49,736 [11] INFO  GXEBRebackSaveTool.Utils.DataDealHelper [(null)] - 开始解析数据-35
2018-08-08 10:14:49,736 [18] INFO  GXEBRebackSaveTool.FormMain [(null)] - 握手应答指令已发送
2018-08-08 10:14:51,943 [11] INFO  GXEBRebackSaveTool.Utils.DataDealHelper [(null)] - 开始解析数据-202
2018-08-08 10:14:51,953 [27] INFO  GXEBRebackSaveTool.FormMain [(null)] - 握手应答指令已发送
2018-08-08 10:14:52,053 [12] INFO  GXEBRebackSaveTool.Utils.DataDealHelper [(null)] - 数据库存储结束-True
2018-08-08 10:14:59,060 [11] INFO  GXEBRebackSaveTool.Utils.DataDealHelper [(null)] - 开始解析数据-35
2018-08-08 10:14:59,060 [24] INFO  GXEBRebackSaveTool.FormMain [(null)] - 握手应答指令已发送
2018-08-08 10:15:06,167 [11] INFO  GXEBRebackSaveTool.Utils.DataDealHelper [(null)] - 开始解析数据-35
2018-08-08 10:15:06,167 [24] INFO  GXEBRebackSaveTool.FormMain [(null)] - 握手应答指令已发送
2018-08-08 10:15:13,268 [11] INFO  GXEBRebackSaveTool.Utils.DataDealHelper [(null)] - 开始解析数据-35
2018-08-08 10:15:13,268 [24] INFO  GXEBRebackSaveTool.FormMain [(null)] - 握手应答指令已发送
2018-08-08 10:15:20,375 [11] INFO  GXEBRebackSaveTool.Utils.DataDealHelper [(null)] - 开始解析数据-35
2018-08-08 10:15:29,488 [11] INFO  GXEBRebackSaveTool.Utils.DataDealHelper [(null)] - 开始解析数据-35
2018-08-08 10:15:29,488 [24] INFO  GXEBRebackSaveTool.FormMain [(null)] - 握手应答指令已发送
2018-08-08 10:15:36,600 [11] INFO  GXEBRebackSaveTool.Utils.DataDealHelper [(null)] - 开始解析数据-35
2018-08-08 10:15:40,700 [11] INFO  GXEBRebackSaveTool.Utils.DataDealHelper [(null)] - 开始解析数据-202
2018-08-08 10:15:40,701 [24] INFO  GXEBRebackSaveTool.FormMain [(null)] - 握手应答指令已发送
2018-08-08 10:15:40,760 [12] INFO  GXEBRebackSaveTool.Utils.DataDealHelper [(null)] - 数据库存储结束-True
2018-08-08 10:15:47,811 [11] INFO  GXEBRebackSaveTool.Utils.DataDealHelper [(null)] - 开始解析数据-35
2018-08-08 10:15:47,811 [24] INFO  GXEBRebackSaveTool.FormMain [(null)] - 握手应答指令已发送
2018-08-08 10:15:54,917 [11] INFO  GXEBRebackSaveTool.Utils.DataDealHelper [(null)] - 开始解析数据-35
2018-08-08 10:15:54,917 [24] INFO  GXEBRebackSaveTool.FormMain [(null)] - 握手应答指令已发送
2018-08-08 10:16:02,093 [11] INFO  GXEBRebackSaveTool.Utils.DataDealHelper [(null)] - 开始解析数据-35
2018-08-08 10:16:02,093 [18] INFO  GXEBRebackSaveTool.FormMain [(null)] - 握手应答指令已发送
2018-08-08 10:16:09,203 [11] INFO  GXEBRebackSaveTool.Utils.DataDealHelper [(null)] - 开始解析数据-35
2018-08-08 10:16:18,310 [11] INFO  GXEBRebackSaveTool.Utils.DataDealHelper [(null)] - 开始解析数据-35
2018-08-08 10:16:27,328 [11] INFO  GXEBRebackSaveTool.Utils.DataDealHelper [(null)] - 开始解析数据-35
2018-08-08 10:16:36,435 [11] INFO  GXEBRebackSaveTool.Utils.DataDealHelper [(null)] - 开始解析数据-35
2018-08-08 10:16:36,435 [24] INFO  GXEBRebackSaveTool.FormMain [(null)] - 握手应答指令已发送
2018-08-08 10:16:43,545 [11] INFO  GXEBRebackSaveTool.Utils.DataDealHelper [(null)] - 开始解析数据-35
2018-08-08 10:16:47,649 [11] INFO  GXEBRebackSaveTool.Utils.DataDealHelper [(null)] - 开始解析数据-202
2018-08-08 10:16:47,649 [24] INFO  GXEBRebackSaveTool.FormMain [(null)] - 握手应答指令已发送
2018-08-08 10:16:47,719 [12] INFO  GXEBRebackSaveTool.Utils.DataDealHelper [(null)] - 数据库存储结束-True
2018-08-08 10:16:54,755 [11] INFO  GXEBRebackSaveTool.Utils.DataDealHelper [(null)] - 开始解析数据-35
2018-08-08 10:17:03,865 [11] INFO  GXEBRebackSaveTool.Utils.DataDealHelper [(null)] - 开始解析数据-35
2018-08-08 10:17:03,865 [27] INFO  GXEBRebackSaveTool.FormMain [(null)] - 握手应答指令已发送
2018-08-08 10:17:10,980 [11] INFO  GXEBRebackSaveTool.Utils.DataDealHelper [(null)] - 开始解析数据-35
2018-08-08 10:17:20,085 [11] INFO  GXEBRebackSaveTool.Utils.DataDealHelper [(null)] - 开始解析数据-35
2018-08-08 10:17:29,098 [11] INFO  GXEBRebackSaveTool.Utils.DataDealHelper [(null)] - 开始解析数据-35
2018-08-08 10:17:38,205 [11] INFO  GXEBRebackSaveTool.Utils.DataDealHelper [(null)] - 开始解析数据-35
2018-08-08 10:17:42,305 [11] INFO  GXEBRebackSaveTool.Utils.DataDealHelper [(null)] - 开始解析数据-202
2018-08-08 10:17:42,305 [27] INFO  GXEBRebackSaveTool.FormMain [(null)] - 握手应答指令已发送
2018-08-08 10:17:42,355 [12] INFO  GXEBRebackSaveTool.Utils.DataDealHelper [(null)] - 数据库存储结束-True
2018-08-08 10:17:49,412 [11] INFO  GXEBRebackSaveTool.Utils.DataDealHelper [(null)] - 开始解析数据-35
2018-08-08 10:17:58,521 [11] INFO  GXEBRebackSaveTool.Utils.DataDealHelper [(null)] - 开始解析数据-35
2018-08-08 10:18:07,536 [11] INFO  GXEBRebackSaveTool.Utils.DataDealHelper [(null)] - 开始解析数据-35
2018-08-08 10:18:16,651 [11] INFO  GXEBRebackSaveTool.Utils.DataDealHelper [(null)] - 开始解析数据-35
2018-08-08 10:18:25,658 [11] INFO  GXEBRebackSaveTool.Utils.DataDealHelper [(null)] - 开始解析数据-35
2018-08-08 10:18:34,775 [11] INFO  GXEBRebackSaveTool.Utils.DataDealHelper [(null)] - 开始解析数据-35
2018-08-08 10:18:43,889 [11] INFO  GXEBRebackSaveTool.Utils.DataDealHelper [(null)] - 开始解析数据-35
2018-08-08 10:18:47,897 [11] INFO  GXEBRebackSaveTool.Utils.DataDealHelper [(null)] - 开始解析数据-202
2018-08-08 10:18:47,897 [24] INFO  GXEBRebackSaveTool.FormMain [(null)] - 握手应答指令已发送
2018-08-08 10:18:47,967 [12] INFO  GXEBRebackSaveTool.Utils.DataDealHelper [(null)] - 数据库存储结束-True
2018-08-08 10:18:55,006 [11] INFO  GXEBRebackSaveTool.Utils.DataDealHelper [(null)] - 开始解析数据-35
2018-08-08 10:19:04,120 [11] INFO  GXEBRebackSaveTool.Utils.DataDealHelper [(null)] - 开始解析数据-35
2018-08-08 10:19:13,134 [11] INFO  GXEBRebackSaveTool.Utils.DataDealHelper [(null)] - 开始解析数据-35
2018-08-08 10:19:22,242 [11] INFO  GXEBRebackSaveTool.Utils.DataDealHelper [(null)] - 开始解析数据-35
2018-08-08 10:19:22,242 [27] INFO  GXEBRebackSaveTool.FormMain [(null)] - 握手应答指令已发送
2018-08-08 10:19:29,348 [11] INFO  GXEBRebackSaveTool.Utils.DataDealHelper [(null)] - 开始解析数据-35
2018-08-08 10:19:38,459 [11] INFO  GXEBRebackSaveTool.Utils.DataDealHelper [(null)] - 开始解析数据-35
2018-08-08 10:19:42,566 [11] INFO  GXEBRebackSaveTool.Utils.DataDealHelper [(null)] - 开始解析数据-202
2018-08-08 10:19:42,566 [24] INFO  GXEBRebackSaveTool.FormMain [(null)] - 握手应答指令已发送
2018-08-08 10:19:42,636 [12] INFO  GXEBRebackSaveTool.Utils.DataDealHelper [(null)] - 数据库存储结束-True
2018-08-08 10:19:49,672 [11] INFO  GXEBRebackSaveTool.Utils.DataDealHelper [(null)] - 开始解析数据-35
2018-08-08 10:19:58,788 [11] INFO  GXEBRebackSaveTool.Utils.DataDealHelper [(null)] - 开始解析数据-35
2018-08-08 10:20:07,803 [11] INFO  GXEBRebackSaveTool.Utils.DataDealHelper [(null)] - 开始解析数据-35
2018-08-08 10:20:16,910 [11] INFO  GXEBRebackSaveTool.Utils.DataDealHelper [(null)] - 开始解析数据-35
2018-08-08 10:20:26,016 [11] INFO  GXEBRebackSaveTool.Utils.DataDealHelper [(null)] - 开始解析数据-35
2018-08-08 10:20:35,025 [11] INFO  GXEBRebackSaveTool.Utils.DataDealHelper [(null)] - 开始解析数据-35
2018-08-08 10:20:44,142 [11] INFO  GXEBRebackSaveTool.Utils.DataDealHelper [(null)] - 开始解析数据-35
2018-08-08 10:20:48,244 [11] INFO  GXEBRebackSaveTool.Utils.DataDealHelper [(null)] - 开始解析数据-202
2018-08-08 10:20:48,244 [28] INFO  GXEBRebackSaveTool.FormMain [(null)] - 握手应答指令已发送
2018-08-08 10:20:48,314 [12] INFO  GXEBRebackSaveTool.Utils.DataDealHelper [(null)] - 数据库存储结束-True
2018-08-08 10:20:55,351 [11] INFO  GXEBRebackSaveTool.Utils.DataDealHelper [(null)] - 开始解析数据-35
2018-08-08 10:20:55,351 [27] INFO  GXEBRebackSaveTool.FormMain [(null)] - 握手应答指令已发送
2018-08-08 10:21:02,458 [11] INFO  GXEBRebackSaveTool.Utils.DataDealHelper [(null)] - 开始解析数据-35
2018-08-08 10:21:02,458 [28] INFO  GXEBRebackSaveTool.FormMain [(null)] - 握手应答指令已发送
2018-08-08 10:21:09,563 [11] INFO  GXEBRebackSaveTool.Utils.DataDealHelper [(null)] - 开始解析数据-35
2018-08-08 10:21:18,674 [11] INFO  GXEBRebackSaveTool.Utils.DataDealHelper [(null)] - 开始解析数据-35
2018-08-08 10:21:27,698 [11] INFO  GXEBRebackSaveTool.Utils.DataDealHelper [(null)] - 开始解析数据-35
2018-08-08 10:21:36,806 [11] INFO  GXEBRebackSaveTool.Utils.DataDealHelper [(null)] - 开始解析数据-35
2018-08-08 10:21:40,906 [11] INFO  GXEBRebackSaveTool.Utils.DataDealHelper [(null)] - 开始解析数据-202
2018-08-08 10:21:40,906 [28] INFO  GXEBRebackSaveTool.FormMain [(null)] - 握手应答指令已发送
2018-08-08 10:21:40,956 [12] INFO  GXEBRebackSaveTool.Utils.DataDealHelper [(null)] - 数据库存储结束-True
2018-08-08 10:21:48,033 [11] INFO  GXEBRebackSaveTool.Utils.DataDealHelper [(null)] - 开始解析数据-35
2018-08-08 10:21:57,148 [11] INFO  GXEBRebackSaveTool.Utils.DataDealHelper [(null)] - 开始解析数据-35
2018-08-08 10:22:06,152 [11] INFO  GXEBRebackSaveTool.Utils.DataDealHelper [(null)] - 开始解析数据-35
2018-08-08 10:22:15,261 [11] INFO  GXEBRebackSaveTool.Utils.DataDealHelper [(null)] - 开始解析数据-35
2018-08-08 10:22:24,277 [11] INFO  GXEBRebackSaveTool.Utils.DataDealHelper [(null)] - 开始解析数据-35
2018-08-08 10:22:33,383 [11] INFO  GXEBRebackSaveTool.Utils.DataDealHelper [(null)] - 开始解析数据-35
2018-08-08 10:22:42,404 [11] INFO  GXEBRebackSaveTool.Utils.DataDealHelper [(null)] - 开始解析数据-35
2018-08-08 10:22:42,404 [28] INFO  GXEBRebackSaveTool.FormMain [(null)] - 握手应答指令已发送
2018-08-08 10:22:44,604 [11] INFO  GXEBRebackSaveTool.Utils.DataDealHelper [(null)] - 开始解析数据-202
2018-08-08 10:22:44,604 [28] INFO  GXEBRebackSaveTool.FormMain [(null)] - 握手应答指令已发送
2018-08-08 10:22:44,664 [12] INFO  GXEBRebackSaveTool.Utils.DataDealHelper [(null)] - 数据库存储结束-True
2018-08-08 10:22:51,718 [11] INFO  GXEBRebackSaveTool.Utils.DataDealHelper [(null)] - 开始解析数据-35
2018-08-08 10:23:00,828 [11] INFO  GXEBRebackSaveTool.Utils.DataDealHelper [(null)] - 开始解析数据-35
2018-08-08 10:23:09,836 [11] INFO  GXEBRebackSaveTool.Utils.DataDealHelper [(null)] - 开始解析数据-35
