2018-05-22 13:50:33,106 [12] INFO  GXEBRebackSaveTool.Utils.DataDealHelper [(null)] - 开始解析数据-35
2018-05-22 13:50:33,515 [19] INFO  GXEBRebackSaveTool.FormMain [(null)] - 握手应答指令已发送
2018-05-22 13:50:35,720 [12] INFO  GXEBRebackSaveTool.Utils.DataDealHelper [(null)] - 开始解析数据-202
2018-05-22 13:50:35,757 [19] INFO  GXEBRebackSaveTool.FormMain [(null)] - 握手应答指令已发送
2018-05-22 13:50:37,288 [13] INFO  GXEBRebackSaveTool.Utils.DataDealHelper [(null)] - 数据库存储结束-False
2018-05-22 13:50:42,858 [12] INFO  GXEBRebackSaveTool.Utils.DataDealHelper [(null)] - 开始解析数据-35
2018-05-22 13:50:46,958 [12] INFO  GXEBRebackSaveTool.Utils.DataDealHelper [(null)] - 开始解析数据-202
2018-05-22 13:50:46,958 [16] INFO  GXEBRebackSaveTool.FormMain [(null)] - 握手应答指令已发送
2018-05-22 13:50:47,127 [13] INFO  GXEBRebackSaveTool.Utils.DataDealHelper [(null)] - 数据库存储结束-False
2018-05-22 13:50:54,059 [12] INFO  GXEBRebackSaveTool.Utils.DataDealHelper [(null)] - 开始解析数据-35
2018-05-22 13:50:58,159 [12] INFO  GXEBRebackSaveTool.Utils.DataDealHelper [(null)] - 开始解析数据-202
2018-05-22 13:50:58,159 [16] INFO  GXEBRebackSaveTool.FormMain [(null)] - 握手应答指令已发送
2018-05-22 13:50:58,189 [13] INFO  GXEBRebackSaveTool.Utils.DataDealHelper [(null)] - 数据库存储结束-False
2018-05-22 13:51:05,260 [12] INFO  GXEBRebackSaveTool.Utils.DataDealHelper [(null)] - 开始解析数据-35
2018-05-22 13:51:05,260 [18] INFO  GXEBRebackSaveTool.FormMain [(null)] - 握手应答指令已发送
2018-05-22 13:51:07,462 [12] INFO  GXEBRebackSaveTool.Utils.DataDealHelper [(null)] - 开始解析数据-202
2018-05-22 13:51:07,464 [16] INFO  GXEBRebackSaveTool.FormMain [(null)] - 握手应答指令已发送
2018-05-22 13:51:07,510 [13] INFO  GXEBRebackSaveTool.Utils.DataDealHelper [(null)] - 数据库存储结束-False
2018-05-22 13:51:14,564 [12] INFO  GXEBRebackSaveTool.Utils.DataDealHelper [(null)] - 开始解析数据-35
2018-05-22 13:51:18,665 [12] INFO  GXEBRebackSaveTool.Utils.DataDealHelper [(null)] - 开始解析数据-202
2018-05-22 13:51:18,665 [16] INFO  GXEBRebackSaveTool.FormMain [(null)] - 握手应答指令已发送
2018-05-22 13:51:18,693 [13] INFO  GXEBRebackSaveTool.Utils.DataDealHelper [(null)] - 数据库存储结束-False
2018-05-22 13:51:25,765 [12] INFO  GXEBRebackSaveTool.Utils.DataDealHelper [(null)] - 开始解析数据-35
2018-05-22 13:51:25,765 [18] INFO  GXEBRebackSaveTool.FormMain [(null)] - 握手应答指令已发送
2018-05-22 13:51:27,965 [12] INFO  GXEBRebackSaveTool.Utils.DataDealHelper [(null)] - 开始解析数据-202
2018-05-22 13:51:27,965 [18] INFO  GXEBRebackSaveTool.FormMain [(null)] - 握手应答指令已发送
2018-05-22 13:51:27,993 [13] INFO  GXEBRebackSaveTool.Utils.DataDealHelper [(null)] - 数据库存储结束-False
2018-05-22 13:51:35,067 [12] INFO  GXEBRebackSaveTool.Utils.DataDealHelper [(null)] - 开始解析数据-35
2018-05-22 13:51:35,067 [19] INFO  GXEBRebackSaveTool.FormMain [(null)] - 握手应答指令已发送
2018-05-22 13:51:37,267 [12] INFO  GXEBRebackSaveTool.Utils.DataDealHelper [(null)] - 开始解析数据-202
2018-05-22 13:51:37,267 [18] INFO  GXEBRebackSaveTool.FormMain [(null)] - 握手应答指令已发送
2018-05-22 13:51:37,293 [13] INFO  GXEBRebackSaveTool.Utils.DataDealHelper [(null)] - 数据库存储结束-False
2018-05-22 13:51:44,367 [12] INFO  GXEBRebackSaveTool.Utils.DataDealHelper [(null)] - 开始解析数据-35
2018-05-22 13:51:48,467 [12] INFO  GXEBRebackSaveTool.Utils.DataDealHelper [(null)] - 开始解析数据-202
2018-05-22 13:51:48,467 [18] INFO  GXEBRebackSaveTool.FormMain [(null)] - 握手应答指令已发送
2018-05-22 13:51:48,497 [13] INFO  GXEBRebackSaveTool.Utils.DataDealHelper [(null)] - 数据库存储结束-False
2018-05-22 13:51:55,569 [12] INFO  GXEBRebackSaveTool.Utils.DataDealHelper [(null)] - 开始解析数据-35
2018-05-22 13:51:59,670 [12] INFO  GXEBRebackSaveTool.Utils.DataDealHelper [(null)] - 开始解析数据-202
2018-05-22 13:51:59,672 [19] INFO  GXEBRebackSaveTool.FormMain [(null)] - 握手应答指令已发送
2018-05-22 13:51:59,699 [13] INFO  GXEBRebackSaveTool.Utils.DataDealHelper [(null)] - 数据库存储结束-False
2018-05-22 13:52:06,772 [12] INFO  GXEBRebackSaveTool.Utils.DataDealHelper [(null)] - 开始解析数据-35
2018-05-22 13:52:10,873 [12] INFO  GXEBRebackSaveTool.Utils.DataDealHelper [(null)] - 开始解析数据-202
2018-05-22 13:52:10,873 [19] INFO  GXEBRebackSaveTool.FormMain [(null)] - 握手应答指令已发送
2018-05-22 13:52:10,898 [13] INFO  GXEBRebackSaveTool.Utils.DataDealHelper [(null)] - 数据库存储结束-False
2018-05-22 13:52:17,973 [12] INFO  GXEBRebackSaveTool.Utils.DataDealHelper [(null)] - 开始解析数据-35
2018-05-22 13:52:22,073 [12] INFO  GXEBRebackSaveTool.Utils.DataDealHelper [(null)] - 开始解析数据-202
2018-05-22 13:52:22,073 [18] INFO  GXEBRebackSaveTool.FormMain [(null)] - 握手应答指令已发送
2018-05-22 13:52:22,099 [13] INFO  GXEBRebackSaveTool.Utils.DataDealHelper [(null)] - 数据库存储结束-False
2018-05-22 13:52:29,175 [12] INFO  GXEBRebackSaveTool.Utils.DataDealHelper [(null)] - 开始解析数据-35
2018-05-22 13:52:29,175 [19] INFO  GXEBRebackSaveTool.FormMain [(null)] - 握手应答指令已发送
2018-05-22 13:52:31,375 [12] INFO  GXEBRebackSaveTool.Utils.DataDealHelper [(null)] - 开始解析数据-202
2018-05-22 13:52:31,375 [18] INFO  GXEBRebackSaveTool.FormMain [(null)] - 握手应答指令已发送
2018-05-22 13:52:31,404 [13] INFO  GXEBRebackSaveTool.Utils.DataDealHelper [(null)] - 数据库存储结束-False
2018-05-22 13:52:38,476 [12] INFO  GXEBRebackSaveTool.Utils.DataDealHelper [(null)] - 开始解析数据-35
2018-05-22 13:52:42,576 [12] INFO  GXEBRebackSaveTool.Utils.DataDealHelper [(null)] - 开始解析数据-202
2018-05-22 13:52:42,576 [18] INFO  GXEBRebackSaveTool.FormMain [(null)] - 握手应答指令已发送
2018-05-22 13:52:42,625 [13] INFO  GXEBRebackSaveTool.Utils.DataDealHelper [(null)] - 数据库存储结束-False
2018-05-22 13:52:49,678 [12] INFO  GXEBRebackSaveTool.Utils.DataDealHelper [(null)] - 开始解析数据-35
2018-05-22 13:52:53,779 [12] INFO  GXEBRebackSaveTool.Utils.DataDealHelper [(null)] - 开始解析数据-202
2018-05-22 13:52:53,780 [18] INFO  GXEBRebackSaveTool.FormMain [(null)] - 握手应答指令已发送
2018-05-22 13:52:53,806 [13] INFO  GXEBRebackSaveTool.Utils.DataDealHelper [(null)] - 数据库存储结束-False
2018-05-22 13:52:54,518 [10] INFO  GXEBRebackSaveTool.Utils.NetServer [(null)] - TCP服务器关闭
2018-05-22 13:52:54,771 [10] INFO  GXEBRebackSaveTool.Utils.NetServer [(null)] - UDP服务器关闭
2018-05-22 13:54:05,476 [12] INFO  GXEBRebackSaveTool.Utils.DataDealHelper [(null)] - 开始解析数据-35
2018-05-22 13:54:05,536 [18] INFO  GXEBRebackSaveTool.FormMain [(null)] - 握手应答指令已发送
2018-05-22 13:54:07,729 [12] INFO  GXEBRebackSaveTool.Utils.DataDealHelper [(null)] - 开始解析数据-202
2018-05-22 13:54:07,766 [17] INFO  GXEBRebackSaveTool.FormMain [(null)] - 握手应答指令已发送
2018-05-22 13:54:07,887 [13] INFO  GXEBRebackSaveTool.Utils.DataDealHelper [(null)] - 数据库存储结束-True
2018-05-22 13:54:14,944 [12] INFO  GXEBRebackSaveTool.Utils.DataDealHelper [(null)] - 开始解析数据-35
2018-05-22 13:54:18,944 [12] INFO  GXEBRebackSaveTool.Utils.DataDealHelper [(null)] - 开始解析数据-202
2018-05-22 13:54:18,944 [19] INFO  GXEBRebackSaveTool.FormMain [(null)] - 握手应答指令已发送
2018-05-22 13:54:19,117 [13] INFO  GXEBRebackSaveTool.Utils.DataDealHelper [(null)] - 数据库存储结束-True
2018-05-22 13:54:26,045 [12] INFO  GXEBRebackSaveTool.Utils.DataDealHelper [(null)] - 开始解析数据-35
2018-05-22 13:54:30,146 [12] INFO  GXEBRebackSaveTool.Utils.DataDealHelper [(null)] - 开始解析数据-202
2018-05-22 13:54:30,147 [19] INFO  GXEBRebackSaveTool.FormMain [(null)] - 握手应答指令已发送
2018-05-22 13:54:30,193 [13] INFO  GXEBRebackSaveTool.Utils.DataDealHelper [(null)] - 数据库存储结束-True
2018-05-22 13:54:37,247 [12] INFO  GXEBRebackSaveTool.Utils.DataDealHelper [(null)] - 开始解析数据-35
2018-05-22 13:54:41,347 [12] INFO  GXEBRebackSaveTool.Utils.DataDealHelper [(null)] - 开始解析数据-202
2018-05-22 13:54:41,347 [19] INFO  GXEBRebackSaveTool.FormMain [(null)] - 握手应答指令已发送
2018-05-22 13:54:41,590 [13] INFO  GXEBRebackSaveTool.Utils.DataDealHelper [(null)] - 数据库存储结束-True
2018-05-22 13:54:48,448 [12] INFO  GXEBRebackSaveTool.Utils.DataDealHelper [(null)] - 开始解析数据-35
2018-05-22 13:54:52,548 [12] INFO  GXEBRebackSaveTool.Utils.DataDealHelper [(null)] - 开始解析数据-202
2018-05-22 13:54:52,549 [19] INFO  GXEBRebackSaveTool.FormMain [(null)] - 握手应答指令已发送
2018-05-22 13:54:52,588 [13] INFO  GXEBRebackSaveTool.Utils.DataDealHelper [(null)] - 数据库存储结束-True
2018-05-22 13:54:59,649 [12] INFO  GXEBRebackSaveTool.Utils.DataDealHelper [(null)] - 开始解析数据-35
2018-05-22 13:55:03,750 [12] INFO  GXEBRebackSaveTool.Utils.DataDealHelper [(null)] - 开始解析数据-202
2018-05-22 13:55:03,751 [18] INFO  GXEBRebackSaveTool.FormMain [(null)] - 握手应答指令已发送
2018-05-22 13:55:03,815 [13] INFO  GXEBRebackSaveTool.Utils.DataDealHelper [(null)] - 数据库存储结束-True
2018-05-22 13:55:10,851 [12] INFO  GXEBRebackSaveTool.Utils.DataDealHelper [(null)] - 开始解析数据-35
2018-05-22 13:55:10,851 [16] INFO  GXEBRebackSaveTool.FormMain [(null)] - 握手应答指令已发送
2018-05-22 13:55:13,051 [12] INFO  GXEBRebackSaveTool.Utils.DataDealHelper [(null)] - 开始解析数据-202
2018-05-22 13:55:13,051 [19] INFO  GXEBRebackSaveTool.FormMain [(null)] - 握手应答指令已发送
2018-05-22 13:55:13,087 [13] INFO  GXEBRebackSaveTool.Utils.DataDealHelper [(null)] - 数据库存储结束-True
2018-05-22 13:55:20,152 [12] INFO  GXEBRebackSaveTool.Utils.DataDealHelper [(null)] - 开始解析数据-35
2018-05-22 13:55:24,253 [12] INFO  GXEBRebackSaveTool.Utils.DataDealHelper [(null)] - 开始解析数据-202
2018-05-22 13:55:24,253 [17] INFO  GXEBRebackSaveTool.FormMain [(null)] - 握手应答指令已发送
2018-05-22 13:55:24,295 [13] INFO  GXEBRebackSaveTool.Utils.DataDealHelper [(null)] - 数据库存储结束-True
2018-05-22 13:55:31,354 [12] INFO  GXEBRebackSaveTool.Utils.DataDealHelper [(null)] - 开始解析数据-35
2018-05-22 13:55:31,354 [16] INFO  GXEBRebackSaveTool.FormMain [(null)] - 握手应答指令已发送
2018-05-22 13:55:33,554 [12] INFO  GXEBRebackSaveTool.Utils.DataDealHelper [(null)] - 开始解析数据-202
2018-05-22 13:55:33,554 [19] INFO  GXEBRebackSaveTool.FormMain [(null)] - 握手应答指令已发送
2018-05-22 13:55:33,607 [13] INFO  GXEBRebackSaveTool.Utils.DataDealHelper [(null)] - 数据库存储结束-True
2018-05-22 13:55:40,656 [12] INFO  GXEBRebackSaveTool.Utils.DataDealHelper [(null)] - 开始解析数据-35
2018-05-22 13:55:40,656 [16] INFO  GXEBRebackSaveTool.FormMain [(null)] - 握手应答指令已发送
2018-05-22 13:55:42,857 [12] INFO  GXEBRebackSaveTool.Utils.DataDealHelper [(null)] - 开始解析数据-202
2018-05-22 13:55:42,859 [17] INFO  GXEBRebackSaveTool.FormMain [(null)] - 握手应答指令已发送
2018-05-22 13:55:42,895 [13] INFO  GXEBRebackSaveTool.Utils.DataDealHelper [(null)] - 数据库存储结束-True
2018-05-22 13:55:49,959 [12] INFO  GXEBRebackSaveTool.Utils.DataDealHelper [(null)] - 开始解析数据-35
2018-05-22 13:55:54,059 [12] INFO  GXEBRebackSaveTool.Utils.DataDealHelper [(null)] - 开始解析数据-202
2018-05-22 13:55:54,059 [17] INFO  GXEBRebackSaveTool.FormMain [(null)] - 握手应答指令已发送
2018-05-22 13:55:54,095 [13] INFO  GXEBRebackSaveTool.Utils.DataDealHelper [(null)] - 数据库存储结束-True
2018-05-22 13:56:01,161 [12] INFO  GXEBRebackSaveTool.Utils.DataDealHelper [(null)] - 开始解析数据-35
2018-05-22 13:56:01,161 [16] INFO  GXEBRebackSaveTool.FormMain [(null)] - 握手应答指令已发送
2018-05-22 13:56:03,361 [12] INFO  GXEBRebackSaveTool.Utils.DataDealHelper [(null)] - 开始解析数据-202
2018-05-22 13:56:03,361 [19] INFO  GXEBRebackSaveTool.FormMain [(null)] - 握手应答指令已发送
2018-05-22 13:56:03,397 [13] INFO  GXEBRebackSaveTool.Utils.DataDealHelper [(null)] - 数据库存储结束-True
2018-05-22 13:56:10,462 [12] INFO  GXEBRebackSaveTool.Utils.DataDealHelper [(null)] - 开始解析数据-35
2018-05-22 13:56:10,462 [17] INFO  GXEBRebackSaveTool.FormMain [(null)] - 握手应答指令已发送
2018-05-22 13:56:12,662 [12] INFO  GXEBRebackSaveTool.Utils.DataDealHelper [(null)] - 开始解析数据-202
2018-05-22 13:56:12,662 [17] INFO  GXEBRebackSaveTool.FormMain [(null)] - 握手应答指令已发送
2018-05-22 13:56:12,698 [13] INFO  GXEBRebackSaveTool.Utils.DataDealHelper [(null)] - 数据库存储结束-True
2018-05-22 13:56:19,764 [12] INFO  GXEBRebackSaveTool.Utils.DataDealHelper [(null)] - 开始解析数据-35
2018-05-22 13:56:23,865 [12] INFO  GXEBRebackSaveTool.Utils.DataDealHelper [(null)] - 开始解析数据-202
2018-05-22 13:56:23,865 [17] INFO  GXEBRebackSaveTool.FormMain [(null)] - 握手应答指令已发送
2018-05-22 13:56:23,903 [13] INFO  GXEBRebackSaveTool.Utils.DataDealHelper [(null)] - 数据库存储结束-True
2018-05-22 13:56:30,967 [12] INFO  GXEBRebackSaveTool.Utils.DataDealHelper [(null)] - 开始解析数据-35
2018-05-22 13:56:35,067 [12] INFO  GXEBRebackSaveTool.Utils.DataDealHelper [(null)] - 开始解析数据-202
2018-05-22 13:56:35,068 [19] INFO  GXEBRebackSaveTool.FormMain [(null)] - 握手应答指令已发送
2018-05-22 13:56:35,104 [13] INFO  GXEBRebackSaveTool.Utils.DataDealHelper [(null)] - 数据库存储结束-True
2018-05-22 13:56:42,169 [12] INFO  GXEBRebackSaveTool.Utils.DataDealHelper [(null)] - 开始解析数据-35
2018-05-22 13:56:46,269 [12] INFO  GXEBRebackSaveTool.Utils.DataDealHelper [(null)] - 开始解析数据-202
2018-05-22 13:56:46,269 [17] INFO  GXEBRebackSaveTool.FormMain [(null)] - 握手应答指令已发送
2018-05-22 13:56:46,304 [13] INFO  GXEBRebackSaveTool.Utils.DataDealHelper [(null)] - 数据库存储结束-True
2018-05-22 13:56:53,371 [12] INFO  GXEBRebackSaveTool.Utils.DataDealHelper [(null)] - 开始解析数据-35
2018-05-22 13:56:57,471 [12] INFO  GXEBRebackSaveTool.Utils.DataDealHelper [(null)] - 开始解析数据-202
2018-05-22 13:56:57,471 [19] INFO  GXEBRebackSaveTool.FormMain [(null)] - 握手应答指令已发送
2018-05-22 13:56:57,508 [13] INFO  GXEBRebackSaveTool.Utils.DataDealHelper [(null)] - 数据库存储结束-True
2018-05-22 13:57:04,572 [12] INFO  GXEBRebackSaveTool.Utils.DataDealHelper [(null)] - 开始解析数据-35
2018-05-22 13:57:08,673 [12] INFO  GXEBRebackSaveTool.Utils.DataDealHelper [(null)] - 开始解析数据-202
2018-05-22 13:57:08,673 [19] INFO  GXEBRebackSaveTool.FormMain [(null)] - 握手应答指令已发送
2018-05-22 13:57:08,710 [13] INFO  GXEBRebackSaveTool.Utils.DataDealHelper [(null)] - 数据库存储结束-True
2018-05-22 13:57:15,774 [12] INFO  GXEBRebackSaveTool.Utils.DataDealHelper [(null)] - 开始解析数据-35
2018-05-22 13:57:19,975 [12] INFO  GXEBRebackSaveTool.Utils.DataDealHelper [(null)] - 开始解析数据-202
2018-05-22 13:57:19,977 [19] INFO  GXEBRebackSaveTool.FormMain [(null)] - 握手应答指令已发送
2018-05-22 13:57:20,118 [13] INFO  GXEBRebackSaveTool.Utils.DataDealHelper [(null)] - 数据库存储结束-True
2018-05-22 13:57:27,078 [12] INFO  GXEBRebackSaveTool.Utils.DataDealHelper [(null)] - 开始解析数据-35
2018-05-22 13:57:31,178 [12] INFO  GXEBRebackSaveTool.Utils.DataDealHelper [(null)] - 开始解析数据-202
2018-05-22 13:57:31,178 [16] INFO  GXEBRebackSaveTool.FormMain [(null)] - 握手应答指令已发送
2018-05-22 13:57:31,214 [13] INFO  GXEBRebackSaveTool.Utils.DataDealHelper [(null)] - 数据库存储结束-True
2018-05-22 13:57:38,278 [12] INFO  GXEBRebackSaveTool.Utils.DataDealHelper [(null)] - 开始解析数据-35
2018-05-22 13:57:42,379 [12] INFO  GXEBRebackSaveTool.Utils.DataDealHelper [(null)] - 开始解析数据-202
2018-05-22 13:57:42,379 [17] INFO  GXEBRebackSaveTool.FormMain [(null)] - 握手应答指令已发送
2018-05-22 13:57:42,416 [13] INFO  GXEBRebackSaveTool.Utils.DataDealHelper [(null)] - 数据库存储结束-True
2018-05-22 13:57:49,480 [12] INFO  GXEBRebackSaveTool.Utils.DataDealHelper [(null)] - 开始解析数据-35
2018-05-22 13:57:53,580 [12] INFO  GXEBRebackSaveTool.Utils.DataDealHelper [(null)] - 开始解析数据-202
2018-05-22 13:57:53,580 [17] INFO  GXEBRebackSaveTool.FormMain [(null)] - 握手应答指令已发送
2018-05-22 13:57:53,616 [13] INFO  GXEBRebackSaveTool.Utils.DataDealHelper [(null)] - 数据库存储结束-True
2018-05-22 13:58:00,682 [12] INFO  GXEBRebackSaveTool.Utils.DataDealHelper [(null)] - 开始解析数据-35
2018-05-22 13:58:00,682 [16] INFO  GXEBRebackSaveTool.FormMain [(null)] - 握手应答指令已发送
2018-05-22 13:58:02,882 [12] INFO  GXEBRebackSaveTool.Utils.DataDealHelper [(null)] - 开始解析数据-202
2018-05-22 13:58:02,882 [19] INFO  GXEBRebackSaveTool.FormMain [(null)] - 握手应答指令已发送
2018-05-22 13:58:02,919 [13] INFO  GXEBRebackSaveTool.Utils.DataDealHelper [(null)] - 数据库存储结束-True
2018-05-22 13:58:09,983 [12] INFO  GXEBRebackSaveTool.Utils.DataDealHelper [(null)] - 开始解析数据-35
2018-05-22 13:58:14,083 [12] INFO  GXEBRebackSaveTool.Utils.DataDealHelper [(null)] - 开始解析数据-202
2018-05-22 13:58:14,085 [19] INFO  GXEBRebackSaveTool.FormMain [(null)] - 握手应答指令已发送
2018-05-22 13:58:14,120 [13] INFO  GXEBRebackSaveTool.Utils.DataDealHelper [(null)] - 数据库存储结束-True
2018-05-22 13:58:21,186 [12] INFO  GXEBRebackSaveTool.Utils.DataDealHelper [(null)] - 开始解析数据-35
2018-05-22 13:58:21,186 [16] INFO  GXEBRebackSaveTool.FormMain [(null)] - 握手应答指令已发送
2018-05-22 13:58:23,386 [12] INFO  GXEBRebackSaveTool.Utils.DataDealHelper [(null)] - 开始解析数据-202
2018-05-22 13:58:23,386 [19] INFO  GXEBRebackSaveTool.FormMain [(null)] - 握手应答指令已发送
2018-05-22 13:58:23,432 [13] INFO  GXEBRebackSaveTool.Utils.DataDealHelper [(null)] - 数据库存储结束-True
2018-05-22 13:58:30,487 [12] INFO  GXEBRebackSaveTool.Utils.DataDealHelper [(null)] - 开始解析数据-35
2018-05-22 13:58:30,487 [19] INFO  GXEBRebackSaveTool.FormMain [(null)] - 握手应答指令已发送
2018-05-22 13:58:32,687 [12] INFO  GXEBRebackSaveTool.Utils.DataDealHelper [(null)] - 开始解析数据-202
2018-05-22 13:58:32,687 [17] INFO  GXEBRebackSaveTool.FormMain [(null)] - 握手应答指令已发送
2018-05-22 13:58:32,732 [13] INFO  GXEBRebackSaveTool.Utils.DataDealHelper [(null)] - 数据库存储结束-True
2018-05-22 13:58:39,789 [12] INFO  GXEBRebackSaveTool.Utils.DataDealHelper [(null)] - 开始解析数据-35
2018-05-22 13:58:39,789 [17] INFO  GXEBRebackSaveTool.FormMain [(null)] - 握手应答指令已发送
2018-05-22 13:58:41,989 [12] INFO  GXEBRebackSaveTool.Utils.DataDealHelper [(null)] - 开始解析数据-202
2018-05-22 13:58:41,989 [19] INFO  GXEBRebackSaveTool.FormMain [(null)] - 握手应答指令已发送
2018-05-22 13:58:42,074 [13] INFO  GXEBRebackSaveTool.Utils.DataDealHelper [(null)] - 数据库存储结束-True
2018-05-22 13:58:49,090 [12] INFO  GXEBRebackSaveTool.Utils.DataDealHelper [(null)] - 开始解析数据-35
2018-05-22 13:58:53,192 [12] INFO  GXEBRebackSaveTool.Utils.DataDealHelper [(null)] - 开始解析数据-202
2018-05-22 13:58:53,194 [17] INFO  GXEBRebackSaveTool.FormMain [(null)] - 握手应答指令已发送
2018-05-22 13:58:53,256 [13] INFO  GXEBRebackSaveTool.Utils.DataDealHelper [(null)] - 数据库存储结束-True
2018-05-22 13:59:00,295 [12] INFO  GXEBRebackSaveTool.Utils.DataDealHelper [(null)] - 开始解析数据-35
2018-05-22 13:59:00,295 [17] INFO  GXEBRebackSaveTool.FormMain [(null)] - 握手应答指令已发送
2018-05-22 13:59:02,495 [12] INFO  GXEBRebackSaveTool.Utils.DataDealHelper [(null)] - 开始解析数据-202
2018-05-22 13:59:02,495 [17] INFO  GXEBRebackSaveTool.FormMain [(null)] - 握手应答指令已发送
2018-05-22 13:59:02,691 [13] INFO  GXEBRebackSaveTool.Utils.DataDealHelper [(null)] - 数据库存储结束-True
2018-05-22 13:59:09,596 [12] INFO  GXEBRebackSaveTool.Utils.DataDealHelper [(null)] - 开始解析数据-35
2018-05-22 13:59:09,596 [17] INFO  GXEBRebackSaveTool.FormMain [(null)] - 握手应答指令已发送
2018-05-22 13:59:11,796 [12] INFO  GXEBRebackSaveTool.Utils.DataDealHelper [(null)] - 开始解析数据-202
2018-05-22 13:59:11,796 [17] INFO  GXEBRebackSaveTool.FormMain [(null)] - 握手应答指令已发送
2018-05-22 13:59:11,833 [13] INFO  GXEBRebackSaveTool.Utils.DataDealHelper [(null)] - 数据库存储结束-True
2018-05-22 13:59:18,897 [12] INFO  GXEBRebackSaveTool.Utils.DataDealHelper [(null)] - 开始解析数据-35
2018-05-22 13:59:22,997 [12] INFO  GXEBRebackSaveTool.Utils.DataDealHelper [(null)] - 开始解析数据-202
2018-05-22 13:59:22,997 [17] INFO  GXEBRebackSaveTool.FormMain [(null)] - 握手应答指令已发送
2018-05-22 13:59:23,049 [13] INFO  GXEBRebackSaveTool.Utils.DataDealHelper [(null)] - 数据库存储结束-True
2018-05-22 13:59:30,099 [12] INFO  GXEBRebackSaveTool.Utils.DataDealHelper [(null)] - 开始解析数据-35
2018-05-22 13:59:34,199 [12] INFO  GXEBRebackSaveTool.Utils.DataDealHelper [(null)] - 开始解析数据-202
2018-05-22 13:59:34,199 [17] INFO  GXEBRebackSaveTool.FormMain [(null)] - 握手应答指令已发送
2018-05-22 13:59:34,261 [13] INFO  GXEBRebackSaveTool.Utils.DataDealHelper [(null)] - 数据库存储结束-True
2018-05-22 13:59:41,300 [12] INFO  GXEBRebackSaveTool.Utils.DataDealHelper [(null)] - 开始解析数据-35
2018-05-22 13:59:45,402 [12] INFO  GXEBRebackSaveTool.Utils.DataDealHelper [(null)] - 开始解析数据-202
2018-05-22 13:59:45,403 [17] INFO  GXEBRebackSaveTool.FormMain [(null)] - 握手应答指令已发送
2018-05-22 13:59:45,439 [13] INFO  GXEBRebackSaveTool.Utils.DataDealHelper [(null)] - 数据库存储结束-True
2018-05-22 13:59:52,505 [12] INFO  GXEBRebackSaveTool.Utils.DataDealHelper [(null)] - 开始解析数据-35
2018-05-22 13:59:56,605 [12] INFO  GXEBRebackSaveTool.Utils.DataDealHelper [(null)] - 开始解析数据-202
2018-05-22 13:59:56,605 [19] INFO  GXEBRebackSaveTool.FormMain [(null)] - 握手应答指令已发送
2018-05-22 13:59:56,645 [13] INFO  GXEBRebackSaveTool.Utils.DataDealHelper [(null)] - 数据库存储结束-True
2018-05-22 14:00:03,707 [12] INFO  GXEBRebackSaveTool.Utils.DataDealHelper [(null)] - 开始解析数据-35
2018-05-22 14:00:07,811 [12] INFO  GXEBRebackSaveTool.Utils.DataDealHelper [(null)] - 开始解析数据-202
2018-05-22 14:00:07,812 [17] INFO  GXEBRebackSaveTool.FormMain [(null)] - 握手应答指令已发送
2018-05-22 14:00:07,857 [13] INFO  GXEBRebackSaveTool.Utils.DataDealHelper [(null)] - 数据库存储结束-True
2018-05-22 14:00:14,912 [12] INFO  GXEBRebackSaveTool.Utils.DataDealHelper [(null)] - 开始解析数据-35
2018-05-22 14:00:19,013 [12] INFO  GXEBRebackSaveTool.Utils.DataDealHelper [(null)] - 开始解析数据-202
2018-05-22 14:00:19,013 [19] INFO  GXEBRebackSaveTool.FormMain [(null)] - 握手应答指令已发送
2018-05-22 14:00:19,049 [13] INFO  GXEBRebackSaveTool.Utils.DataDealHelper [(null)] - 数据库存储结束-True
2018-05-22 14:00:26,113 [12] INFO  GXEBRebackSaveTool.Utils.DataDealHelper [(null)] - 开始解析数据-35
2018-05-22 14:00:30,214 [12] INFO  GXEBRebackSaveTool.Utils.DataDealHelper [(null)] - 开始解析数据-202
2018-05-22 14:00:30,217 [17] INFO  GXEBRebackSaveTool.FormMain [(null)] - 握手应答指令已发送
2018-05-22 14:00:30,346 [13] INFO  GXEBRebackSaveTool.Utils.DataDealHelper [(null)] - 数据库存储结束-True
2018-05-22 14:00:37,318 [12] INFO  GXEBRebackSaveTool.Utils.DataDealHelper [(null)] - 开始解析数据-35
2018-05-22 14:00:41,419 [12] INFO  GXEBRebackSaveTool.Utils.DataDealHelper [(null)] - 开始解析数据-202
2018-05-22 14:00:41,419 [19] INFO  GXEBRebackSaveTool.FormMain [(null)] - 握手应答指令已发送
2018-05-22 14:00:41,455 [13] INFO  GXEBRebackSaveTool.Utils.DataDealHelper [(null)] - 数据库存储结束-True
2018-05-22 14:00:48,520 [12] INFO  GXEBRebackSaveTool.Utils.DataDealHelper [(null)] - 开始解析数据-35
2018-05-22 14:00:52,620 [12] INFO  GXEBRebackSaveTool.Utils.DataDealHelper [(null)] - 开始解析数据-202
2018-05-22 14:00:52,620 [17] INFO  GXEBRebackSaveTool.FormMain [(null)] - 握手应答指令已发送
2018-05-22 14:00:52,656 [13] INFO  GXEBRebackSaveTool.Utils.DataDealHelper [(null)] - 数据库存储结束-True
2018-05-22 14:00:59,722 [12] INFO  GXEBRebackSaveTool.Utils.DataDealHelper [(null)] - 开始解析数据-35
2018-05-22 14:01:03,822 [12] INFO  GXEBRebackSaveTool.Utils.DataDealHelper [(null)] - 开始解析数据-202
2018-05-22 14:01:03,822 [17] INFO  GXEBRebackSaveTool.FormMain [(null)] - 握手应答指令已发送
2018-05-22 14:01:03,976 [13] INFO  GXEBRebackSaveTool.Utils.DataDealHelper [(null)] - 数据库存储结束-True
2018-05-22 14:01:10,924 [12] INFO  GXEBRebackSaveTool.Utils.DataDealHelper [(null)] - 开始解析数据-35
2018-05-22 14:01:10,924 [17] INFO  GXEBRebackSaveTool.FormMain [(null)] - 握手应答指令已发送
2018-05-22 14:01:13,124 [12] INFO  GXEBRebackSaveTool.Utils.DataDealHelper [(null)] - 开始解析数据-202
2018-05-22 14:01:13,124 [17] INFO  GXEBRebackSaveTool.FormMain [(null)] - 握手应答指令已发送
2018-05-22 14:01:13,181 [13] INFO  GXEBRebackSaveTool.Utils.DataDealHelper [(null)] - 数据库存储结束-True
2018-05-22 14:01:20,225 [12] INFO  GXEBRebackSaveTool.Utils.DataDealHelper [(null)] - 开始解析数据-35
2018-05-22 14:01:24,326 [12] INFO  GXEBRebackSaveTool.Utils.DataDealHelper [(null)] - 开始解析数据-202
2018-05-22 14:01:24,327 [17] INFO  GXEBRebackSaveTool.FormMain [(null)] - 握手应答指令已发送
2018-05-22 14:01:24,368 [13] INFO  GXEBRebackSaveTool.Utils.DataDealHelper [(null)] - 数据库存储结束-True
2018-05-22 14:01:31,434 [12] INFO  GXEBRebackSaveTool.Utils.DataDealHelper [(null)] - 开始解析数据-35
2018-05-22 14:01:31,434 [19] INFO  GXEBRebackSaveTool.FormMain [(null)] - 握手应答指令已发送
2018-05-22 14:01:33,634 [12] INFO  GXEBRebackSaveTool.Utils.DataDealHelper [(null)] - 开始解析数据-202
2018-05-22 14:01:33,634 [19] INFO  GXEBRebackSaveTool.FormMain [(null)] - 握手应答指令已发送
2018-05-22 14:01:33,669 [13] INFO  GXEBRebackSaveTool.Utils.DataDealHelper [(null)] - 数据库存储结束-True
2018-05-22 14:01:40,735 [12] INFO  GXEBRebackSaveTool.Utils.DataDealHelper [(null)] - 开始解析数据-35
2018-05-22 14:01:40,735 [17] INFO  GXEBRebackSaveTool.FormMain [(null)] - 握手应答指令已发送
2018-05-22 14:01:42,935 [12] INFO  GXEBRebackSaveTool.Utils.DataDealHelper [(null)] - 开始解析数据-202
2018-05-22 14:01:42,935 [17] INFO  GXEBRebackSaveTool.FormMain [(null)] - 握手应答指令已发送
2018-05-22 14:01:42,981 [13] INFO  GXEBRebackSaveTool.Utils.DataDealHelper [(null)] - 数据库存储结束-True
2018-05-22 14:01:50,037 [12] INFO  GXEBRebackSaveTool.Utils.DataDealHelper [(null)] - 开始解析数据-35
2018-05-22 14:01:54,137 [12] INFO  GXEBRebackSaveTool.Utils.DataDealHelper [(null)] - 开始解析数据-202
2018-05-22 14:01:54,137 [17] INFO  GXEBRebackSaveTool.FormMain [(null)] - 握手应答指令已发送
2018-05-22 14:01:54,175 [13] INFO  GXEBRebackSaveTool.Utils.DataDealHelper [(null)] - 数据库存储结束-True
2018-05-22 14:02:01,238 [12] INFO  GXEBRebackSaveTool.Utils.DataDealHelper [(null)] - 开始解析数据-35
2018-05-22 14:02:01,238 [17] INFO  GXEBRebackSaveTool.FormMain [(null)] - 握手应答指令已发送
2018-05-22 14:02:03,439 [12] INFO  GXEBRebackSaveTool.Utils.DataDealHelper [(null)] - 开始解析数据-202
2018-05-22 14:02:03,441 [17] INFO  GXEBRebackSaveTool.FormMain [(null)] - 握手应答指令已发送
2018-05-22 14:02:03,479 [13] INFO  GXEBRebackSaveTool.Utils.DataDealHelper [(null)] - 数据库存储结束-True
2018-05-22 14:02:10,542 [12] INFO  GXEBRebackSaveTool.Utils.DataDealHelper [(null)] - 开始解析数据-35
2018-05-22 14:02:10,542 [19] INFO  GXEBRebackSaveTool.FormMain [(null)] - 握手应答指令已发送
2018-05-22 14:02:12,742 [12] INFO  GXEBRebackSaveTool.Utils.DataDealHelper [(null)] - 开始解析数据-202
2018-05-22 14:02:12,742 [17] INFO  GXEBRebackSaveTool.FormMain [(null)] - 握手应答指令已发送
2018-05-22 14:02:12,778 [13] INFO  GXEBRebackSaveTool.Utils.DataDealHelper [(null)] - 数据库存储结束-True
2018-05-22 14:02:19,843 [12] INFO  GXEBRebackSaveTool.Utils.DataDealHelper [(null)] - 开始解析数据-35
2018-05-22 14:02:23,944 [12] INFO  GXEBRebackSaveTool.Utils.DataDealHelper [(null)] - 开始解析数据-202
2018-05-22 14:02:23,944 [17] INFO  GXEBRebackSaveTool.FormMain [(null)] - 握手应答指令已发送
2018-05-22 14:02:23,980 [13] INFO  GXEBRebackSaveTool.Utils.DataDealHelper [(null)] - 数据库存储结束-True
2018-05-22 14:02:31,045 [12] INFO  GXEBRebackSaveTool.Utils.DataDealHelper [(null)] - 开始解析数据-35
2018-05-22 14:02:31,045 [17] INFO  GXEBRebackSaveTool.FormMain [(null)] - 握手应答指令已发送
2018-05-22 14:02:33,245 [12] INFO  GXEBRebackSaveTool.Utils.DataDealHelper [(null)] - 开始解析数据-202
2018-05-22 14:02:33,245 [19] INFO  GXEBRebackSaveTool.FormMain [(null)] - 握手应答指令已发送
2018-05-22 14:02:33,282 [13] INFO  GXEBRebackSaveTool.Utils.DataDealHelper [(null)] - 数据库存储结束-True
2018-05-22 14:02:40,348 [12] INFO  GXEBRebackSaveTool.Utils.DataDealHelper [(null)] - 开始解析数据-35
2018-05-22 14:02:40,348 [19] INFO  GXEBRebackSaveTool.FormMain [(null)] - 握手应答指令已发送
2018-05-22 14:02:42,548 [12] INFO  GXEBRebackSaveTool.Utils.DataDealHelper [(null)] - 开始解析数据-202
2018-05-22 14:02:42,548 [17] INFO  GXEBRebackSaveTool.FormMain [(null)] - 握手应答指令已发送
2018-05-22 14:02:42,585 [13] INFO  GXEBRebackSaveTool.Utils.DataDealHelper [(null)] - 数据库存储结束-True
2018-05-22 14:02:49,649 [12] INFO  GXEBRebackSaveTool.Utils.DataDealHelper [(null)] - 开始解析数据-35
2018-05-22 14:02:53,750 [12] INFO  GXEBRebackSaveTool.Utils.DataDealHelper [(null)] - 开始解析数据-202
2018-05-22 14:02:53,751 [17] INFO  GXEBRebackSaveTool.FormMain [(null)] - 握手应答指令已发送
2018-05-22 14:02:53,787 [13] INFO  GXEBRebackSaveTool.Utils.DataDealHelper [(null)] - 数据库存储结束-True
2018-05-22 14:03:00,853 [12] INFO  GXEBRebackSaveTool.Utils.DataDealHelper [(null)] - 开始解析数据-35
2018-05-22 14:03:00,853 [17] INFO  GXEBRebackSaveTool.FormMain [(null)] - 握手应答指令已发送
2018-05-22 14:03:03,053 [12] INFO  GXEBRebackSaveTool.Utils.DataDealHelper [(null)] - 开始解析数据-202
2018-05-22 14:03:03,053 [17] INFO  GXEBRebackSaveTool.FormMain [(null)] - 握手应答指令已发送
2018-05-22 14:03:03,089 [13] INFO  GXEBRebackSaveTool.Utils.DataDealHelper [(null)] - 数据库存储结束-True
2018-05-22 14:03:10,154 [12] INFO  GXEBRebackSaveTool.Utils.DataDealHelper [(null)] - 开始解析数据-35
2018-05-22 14:03:10,154 [17] INFO  GXEBRebackSaveTool.FormMain [(null)] - 握手应答指令已发送
2018-05-22 14:03:12,354 [12] INFO  GXEBRebackSaveTool.Utils.DataDealHelper [(null)] - 开始解析数据-202
2018-05-22 14:03:12,354 [19] INFO  GXEBRebackSaveTool.FormMain [(null)] - 握手应答指令已发送
2018-05-22 14:03:12,474 [13] INFO  GXEBRebackSaveTool.Utils.DataDealHelper [(null)] - 数据库存储结束-True
2018-05-22 14:03:19,456 [12] INFO  GXEBRebackSaveTool.Utils.DataDealHelper [(null)] - 开始解析数据-35
2018-05-22 14:03:23,557 [12] INFO  GXEBRebackSaveTool.Utils.DataDealHelper [(null)] - 开始解析数据-202
2018-05-22 14:03:23,557 [19] INFO  GXEBRebackSaveTool.FormMain [(null)] - 握手应答指令已发送
2018-05-22 14:03:23,656 [13] INFO  GXEBRebackSaveTool.Utils.DataDealHelper [(null)] - 数据库存储结束-True
2018-05-22 14:03:30,659 [12] INFO  GXEBRebackSaveTool.Utils.DataDealHelper [(null)] - 开始解析数据-35
2018-05-22 14:03:30,659 [17] INFO  GXEBRebackSaveTool.FormMain [(null)] - 握手应答指令已发送
2018-05-22 14:03:32,859 [12] INFO  GXEBRebackSaveTool.Utils.DataDealHelper [(null)] - 开始解析数据-202
2018-05-22 14:03:32,861 [19] INFO  GXEBRebackSaveTool.FormMain [(null)] - 握手应答指令已发送
2018-05-22 14:03:32,897 [13] INFO  GXEBRebackSaveTool.Utils.DataDealHelper [(null)] - 数据库存储结束-True
2018-05-22 14:03:39,962 [12] INFO  GXEBRebackSaveTool.Utils.DataDealHelper [(null)] - 开始解析数据-35
2018-05-22 14:03:39,962 [17] INFO  GXEBRebackSaveTool.FormMain [(null)] - 握手应答指令已发送
2018-05-22 14:03:42,162 [12] INFO  GXEBRebackSaveTool.Utils.DataDealHelper [(null)] - 开始解析数据-202
2018-05-22 14:03:42,162 [19] INFO  GXEBRebackSaveTool.FormMain [(null)] - 握手应答指令已发送
2018-05-22 14:03:42,198 [13] INFO  GXEBRebackSaveTool.Utils.DataDealHelper [(null)] - 数据库存储结束-True
2018-05-22 14:03:49,264 [12] INFO  GXEBRebackSaveTool.Utils.DataDealHelper [(null)] - 开始解析数据-35
2018-05-22 14:03:53,364 [12] INFO  GXEBRebackSaveTool.Utils.DataDealHelper [(null)] - 开始解析数据-202
2018-05-22 14:03:53,364 [19] INFO  GXEBRebackSaveTool.FormMain [(null)] - 握手应答指令已发送
2018-05-22 14:03:53,401 [13] INFO  GXEBRebackSaveTool.Utils.DataDealHelper [(null)] - 数据库存储结束-True
2018-05-22 14:04:00,465 [12] INFO  GXEBRebackSaveTool.Utils.DataDealHelper [(null)] - 开始解析数据-35
2018-05-22 14:04:00,465 [17] INFO  GXEBRebackSaveTool.FormMain [(null)] - 握手应答指令已发送
2018-05-22 14:04:02,665 [12] INFO  GXEBRebackSaveTool.Utils.DataDealHelper [(null)] - 开始解析数据-202
2018-05-22 14:04:02,665 [19] INFO  GXEBRebackSaveTool.FormMain [(null)] - 握手应答指令已发送
2018-05-22 14:04:02,717 [13] INFO  GXEBRebackSaveTool.Utils.DataDealHelper [(null)] - 数据库存储结束-True
2018-05-22 14:04:09,787 [12] INFO  GXEBRebackSaveTool.Utils.DataDealHelper [(null)] - 开始解析数据-35
2018-05-22 14:04:09,787 [19] INFO  GXEBRebackSaveTool.FormMain [(null)] - 握手应答指令已发送
2018-05-22 14:04:11,987 [12] INFO  GXEBRebackSaveTool.Utils.DataDealHelper [(null)] - 开始解析数据-202
2018-05-22 14:04:11,987 [17] INFO  GXEBRebackSaveTool.FormMain [(null)] - 握手应答指令已发送
2018-05-22 14:04:12,072 [13] INFO  GXEBRebackSaveTool.Utils.DataDealHelper [(null)] - 数据库存储结束-True
2018-05-22 14:04:19,088 [12] INFO  GXEBRebackSaveTool.Utils.DataDealHelper [(null)] - 开始解析数据-35
2018-05-22 14:04:23,190 [12] INFO  GXEBRebackSaveTool.Utils.DataDealHelper [(null)] - 开始解析数据-202
2018-05-22 14:04:23,192 [17] INFO  GXEBRebackSaveTool.FormMain [(null)] - 握手应答指令已发送
2018-05-22 14:04:23,227 [13] INFO  GXEBRebackSaveTool.Utils.DataDealHelper [(null)] - 数据库存储结束-True
2018-05-22 14:04:30,305 [12] INFO  GXEBRebackSaveTool.Utils.DataDealHelper [(null)] - 开始解析数据-35
2018-05-22 14:04:34,405 [12] INFO  GXEBRebackSaveTool.Utils.DataDealHelper [(null)] - 开始解析数据-202
2018-05-22 14:04:34,405 [19] INFO  GXEBRebackSaveTool.FormMain [(null)] - 握手应答指令已发送
2018-05-22 14:04:34,440 [13] INFO  GXEBRebackSaveTool.Utils.DataDealHelper [(null)] - 数据库存储结束-True
2018-05-22 14:04:41,529 [12] INFO  GXEBRebackSaveTool.Utils.DataDealHelper [(null)] - 开始解析数据-35
2018-05-22 14:04:45,630 [12] INFO  GXEBRebackSaveTool.Utils.DataDealHelper [(null)] - 开始解析数据-202
2018-05-22 14:04:45,630 [17] INFO  GXEBRebackSaveTool.FormMain [(null)] - 握手应答指令已发送
2018-05-22 14:04:45,668 [13] INFO  GXEBRebackSaveTool.Utils.DataDealHelper [(null)] - 数据库存储结束-True
