2018-05-31 14:41:50,084 [9] INFO  GXEBRebackSaveTool.Utils.NetServer [(null)] - TCP服务器关闭
2018-05-31 14:41:50,266 [9] INFO  GXEBRebackSaveTool.Utils.NetServer [(null)] - UDP服务器关闭
2018-05-31 14:42:03,259 [9] INFO  GXEBRebackSaveTool.Utils.NetServer [(null)] - TCP服务器关闭
2018-05-31 14:42:03,410 [9] INFO  GXEBRebackSaveTool.Utils.NetServer [(null)] - UDP服务器关闭
2018-05-31 14:46:07,691 [9] INFO  GXEBRebackSaveTool.Utils.NetServer [(null)] - TCP服务器关闭
2018-05-31 14:46:09,097 [9] INFO  GXEBRebackSaveTool.Utils.NetServer [(null)] - UDP服务器关闭
2018-05-31 14:46:21,383 [10] INFO  GXEBRebackSaveTool.Utils.NetServer [(null)] - TCP服务器关闭
2018-05-31 14:46:21,553 [10] INFO  GXEBRebackSaveTool.Utils.NetServer [(null)] - UDP服务器关闭
2018-05-31 14:47:53,210 [10] INFO  GXEBRebackSaveTool.Utils.NetServer [(null)] - TCP服务器关闭
2018-05-31 14:47:53,380 [10] INFO  GXEBRebackSaveTool.Utils.NetServer [(null)] - UDP服务器关闭
2018-05-31 14:52:37,794 [10] INFO  GXEBRebackSaveTool.Utils.NetServer [(null)] - TCP服务器关闭
2018-05-31 14:52:37,945 [10] INFO  GXEBRebackSaveTool.Utils.NetServer [(null)] - UDP服务器关闭
2018-05-31 14:53:12,474 [9] INFO  GXEBRebackSaveTool.Utils.NetServer [(null)] - TCP服务器关闭
2018-05-31 14:53:12,644 [9] INFO  GXEBRebackSaveTool.Utils.NetServer [(null)] - UDP服务器关闭
2018-05-31 15:08:05,171 [9] INFO  GXEBRebackSaveTool.Utils.NetServer [(null)] - TCP服务器关闭
2018-05-31 15:08:05,342 [9] INFO  GXEBRebackSaveTool.Utils.NetServer [(null)] - UDP服务器关闭
2018-05-31 15:09:09,329 [9] ERROR GXEBRebackSaveTool.Utils.DataDealHelper [(null)] - 收到文本转语音MQ指令
2018-05-31 15:09:09,346 [9] INFO  GXEBRebackSaveTool.FormMain [(null)] - 文本转语音指令进行组装发送阶段
2018-05-31 15:09:09,347 [9] INFO  GXEBRebackSaveTool.FormMain [(null)] - 文本转语音指令设备ID 1
2018-05-31 15:09:09,483 [9] INFO  GXEBRebackSaveTool.FormMain [(null)] - 文本转语音指令物理码 0000113624
2018-05-31 15:09:09,503 [9] INFO  GXEBRebackSaveTool.FormMain [(null)] - 文本转语音指令的物理码搜不到数据头，当前物理码：0000113624
2018-05-31 15:14:43,913 [11] INFO  GXEBRebackSaveTool.Utils.DataDealHelper [(null)] - 开始解析数据-35
2018-05-31 15:14:44,047 [16] INFO  GXEBRebackSaveTool.FormMain [(null)] - 握手应答指令已发送
2018-05-31 15:14:53,065 [11] INFO  GXEBRebackSaveTool.Utils.DataDealHelper [(null)] - 开始解析数据-35
2018-05-31 15:14:53,068 [16] INFO  GXEBRebackSaveTool.FormMain [(null)] - 握手应答指令已发送
2018-05-31 15:14:55,269 [11] INFO  GXEBRebackSaveTool.Utils.DataDealHelper [(null)] - 开始解析数据-202
2018-05-31 15:14:55,280 [17] INFO  GXEBRebackSaveTool.FormMain [(null)] - 握手应答指令已发送
2018-05-31 15:14:55,566 [12] INFO  GXEBRebackSaveTool.Utils.DataDealHelper [(null)] - 数据库存储结束-True
2018-05-31 15:15:02,422 [11] INFO  GXEBRebackSaveTool.Utils.DataDealHelper [(null)] - 开始解析数据-35
2018-05-31 15:15:06,523 [11] INFO  GXEBRebackSaveTool.Utils.DataDealHelper [(null)] - 开始解析数据-202
2018-05-31 15:15:06,523 [22] INFO  GXEBRebackSaveTool.FormMain [(null)] - 握手应答指令已发送
2018-05-31 15:15:06,616 [12] INFO  GXEBRebackSaveTool.Utils.DataDealHelper [(null)] - 数据库存储结束-True
2018-05-31 15:15:13,625 [11] INFO  GXEBRebackSaveTool.Utils.DataDealHelper [(null)] - 开始解析数据-35
2018-05-31 15:15:13,625 [22] INFO  GXEBRebackSaveTool.FormMain [(null)] - 握手应答指令已发送
2018-05-31 15:15:20,725 [11] INFO  GXEBRebackSaveTool.Utils.DataDealHelper [(null)] - 开始解析数据-35
2018-05-31 15:15:29,826 [11] INFO  GXEBRebackSaveTool.Utils.DataDealHelper [(null)] - 开始解析数据-35
2018-05-31 15:15:33,926 [11] INFO  GXEBRebackSaveTool.Utils.DataDealHelper [(null)] - 开始解析数据-202
2018-05-31 15:15:33,926 [17] INFO  GXEBRebackSaveTool.FormMain [(null)] - 握手应答指令已发送
2018-05-31 15:15:33,966 [12] INFO  GXEBRebackSaveTool.Utils.DataDealHelper [(null)] - 数据库存储结束-True
2018-05-31 15:15:41,026 [11] INFO  GXEBRebackSaveTool.Utils.DataDealHelper [(null)] - 开始解析数据-35
2018-05-31 15:15:50,127 [11] INFO  GXEBRebackSaveTool.Utils.DataDealHelper [(null)] - 开始解析数据-35
2018-05-31 15:15:54,227 [11] INFO  GXEBRebackSaveTool.Utils.DataDealHelper [(null)] - 开始解析数据-202
2018-05-31 15:15:54,227 [22] INFO  GXEBRebackSaveTool.FormMain [(null)] - 握手应答指令已发送
2018-05-31 15:15:55,174 [12] INFO  GXEBRebackSaveTool.Utils.DataDealHelper [(null)] - 数据库存储结束-True
2018-05-31 15:16:01,327 [11] INFO  GXEBRebackSaveTool.Utils.DataDealHelper [(null)] - 开始解析数据-35
2018-05-31 15:16:10,428 [11] INFO  GXEBRebackSaveTool.Utils.DataDealHelper [(null)] - 开始解析数据-35
2018-05-31 15:16:14,530 [11] INFO  GXEBRebackSaveTool.Utils.DataDealHelper [(null)] - 开始解析数据-202
2018-05-31 15:16:14,532 [22] INFO  GXEBRebackSaveTool.FormMain [(null)] - 握手应答指令已发送
2018-05-31 15:16:14,589 [12] INFO  GXEBRebackSaveTool.Utils.DataDealHelper [(null)] - 数据库存储结束-True
2018-05-31 15:16:21,632 [11] INFO  GXEBRebackSaveTool.Utils.DataDealHelper [(null)] - 开始解析数据-35
2018-05-31 15:16:30,733 [11] INFO  GXEBRebackSaveTool.Utils.DataDealHelper [(null)] - 开始解析数据-35
2018-05-31 15:16:34,833 [11] INFO  GXEBRebackSaveTool.Utils.DataDealHelper [(null)] - 开始解析数据-202
2018-05-31 15:16:34,833 [24] INFO  GXEBRebackSaveTool.FormMain [(null)] - 握手应答指令已发送
2018-05-31 15:16:34,871 [12] INFO  GXEBRebackSaveTool.Utils.DataDealHelper [(null)] - 数据库存储结束-True
2018-05-31 15:16:41,935 [11] INFO  GXEBRebackSaveTool.Utils.DataDealHelper [(null)] - 开始解析数据-35
2018-05-31 15:16:41,936 [22] INFO  GXEBRebackSaveTool.FormMain [(null)] - 握手应答指令已发送
2018-05-31 15:16:49,036 [11] INFO  GXEBRebackSaveTool.Utils.DataDealHelper [(null)] - 开始解析数据-35
2018-05-31 15:16:53,136 [11] INFO  GXEBRebackSaveTool.Utils.DataDealHelper [(null)] - 开始解析数据-202
2018-05-31 15:16:53,136 [22] INFO  GXEBRebackSaveTool.FormMain [(null)] - 握手应答指令已发送
2018-05-31 15:16:53,177 [12] INFO  GXEBRebackSaveTool.Utils.DataDealHelper [(null)] - 数据库存储结束-True
2018-05-31 15:17:00,238 [11] INFO  GXEBRebackSaveTool.Utils.DataDealHelper [(null)] - 开始解析数据-35
2018-05-31 15:17:09,338 [11] INFO  GXEBRebackSaveTool.Utils.DataDealHelper [(null)] - 开始解析数据-35
2018-05-31 15:17:13,438 [11] INFO  GXEBRebackSaveTool.Utils.DataDealHelper [(null)] - 开始解析数据-202
2018-05-31 15:17:13,438 [24] INFO  GXEBRebackSaveTool.FormMain [(null)] - 握手应答指令已发送
2018-05-31 15:17:13,494 [12] INFO  GXEBRebackSaveTool.Utils.DataDealHelper [(null)] - 数据库存储结束-True
2018-05-31 15:17:20,539 [11] INFO  GXEBRebackSaveTool.Utils.DataDealHelper [(null)] - 开始解析数据-35
2018-05-31 15:17:29,639 [11] INFO  GXEBRebackSaveTool.Utils.DataDealHelper [(null)] - 开始解析数据-35
2018-05-31 15:17:33,741 [11] INFO  GXEBRebackSaveTool.Utils.DataDealHelper [(null)] - 开始解析数据-202
2018-05-31 15:17:33,743 [16] INFO  GXEBRebackSaveTool.FormMain [(null)] - 握手应答指令已发送
2018-05-31 15:17:33,781 [12] INFO  GXEBRebackSaveTool.Utils.DataDealHelper [(null)] - 数据库存储结束-True
2018-05-31 15:17:40,843 [11] INFO  GXEBRebackSaveTool.Utils.DataDealHelper [(null)] - 开始解析数据-35
2018-05-31 15:17:49,944 [11] INFO  GXEBRebackSaveTool.Utils.DataDealHelper [(null)] - 开始解析数据-35
2018-05-31 15:17:49,944 [16] INFO  GXEBRebackSaveTool.FormMain [(null)] - 握手应答指令已发送
2018-05-31 15:17:52,144 [11] INFO  GXEBRebackSaveTool.Utils.DataDealHelper [(null)] - 开始解析数据-202
2018-05-31 15:17:52,144 [24] INFO  GXEBRebackSaveTool.FormMain [(null)] - 握手应答指令已发送
2018-05-31 15:17:52,187 [12] INFO  GXEBRebackSaveTool.Utils.DataDealHelper [(null)] - 数据库存储结束-True
2018-05-31 15:17:59,245 [11] INFO  GXEBRebackSaveTool.Utils.DataDealHelper [(null)] - 开始解析数据-35
2018-05-31 15:18:08,346 [11] INFO  GXEBRebackSaveTool.Utils.DataDealHelper [(null)] - 开始解析数据-35
2018-05-31 15:18:12,446 [11] INFO  GXEBRebackSaveTool.Utils.DataDealHelper [(null)] - 开始解析数据-202
2018-05-31 15:18:12,446 [22] INFO  GXEBRebackSaveTool.FormMain [(null)] - 握手应答指令已发送
2018-05-31 15:18:12,489 [12] INFO  GXEBRebackSaveTool.Utils.DataDealHelper [(null)] - 数据库存储结束-True
2018-05-31 15:18:19,546 [11] INFO  GXEBRebackSaveTool.Utils.DataDealHelper [(null)] - 开始解析数据-35
2018-05-31 15:18:23,646 [11] INFO  GXEBRebackSaveTool.Utils.DataDealHelper [(null)] - 开始解析数据-202
2018-05-31 15:18:23,647 [24] INFO  GXEBRebackSaveTool.FormMain [(null)] - 握手应答指令已发送
2018-05-31 15:18:23,686 [12] INFO  GXEBRebackSaveTool.Utils.DataDealHelper [(null)] - 数据库存储结束-True
2018-05-31 15:18:30,748 [11] INFO  GXEBRebackSaveTool.Utils.DataDealHelper [(null)] - 开始解析数据-35
2018-05-31 15:18:34,848 [11] INFO  GXEBRebackSaveTool.Utils.DataDealHelper [(null)] - 开始解析数据-202
2018-05-31 15:18:34,848 [16] INFO  GXEBRebackSaveTool.FormMain [(null)] - 握手应答指令已发送
2018-05-31 15:18:35,194 [12] INFO  GXEBRebackSaveTool.Utils.DataDealHelper [(null)] - 数据库存储结束-True
2018-05-31 15:18:41,949 [11] INFO  GXEBRebackSaveTool.Utils.DataDealHelper [(null)] - 开始解析数据-35
2018-05-31 15:18:46,049 [11] INFO  GXEBRebackSaveTool.Utils.DataDealHelper [(null)] - 开始解析数据-202
2018-05-31 15:18:46,051 [16] INFO  GXEBRebackSaveTool.FormMain [(null)] - 握手应答指令已发送
2018-05-31 15:18:46,108 [12] INFO  GXEBRebackSaveTool.Utils.DataDealHelper [(null)] - 数据库存储结束-True
2018-05-31 15:18:53,152 [11] INFO  GXEBRebackSaveTool.Utils.DataDealHelper [(null)] - 开始解析数据-35
2018-05-31 15:18:57,252 [11] INFO  GXEBRebackSaveTool.Utils.DataDealHelper [(null)] - 开始解析数据-93
2018-05-31 15:18:57,254 [22] INFO  GXEBRebackSaveTool.FormMain [(null)] - 握手应答指令已发送
2018-05-31 15:19:04,355 [11] INFO  GXEBRebackSaveTool.Utils.DataDealHelper [(null)] - 开始解析数据-35
2018-05-31 15:19:04,355 [22] INFO  GXEBRebackSaveTool.FormMain [(null)] - 握手应答指令已发送
2018-05-31 15:19:06,555 [11] INFO  GXEBRebackSaveTool.Utils.DataDealHelper [(null)] - 开始解析数据-202
2018-05-31 15:19:06,555 [24] INFO  GXEBRebackSaveTool.FormMain [(null)] - 握手应答指令已发送
2018-05-31 15:19:06,595 [12] INFO  GXEBRebackSaveTool.Utils.DataDealHelper [(null)] - 数据库存储结束-True
2018-05-31 15:19:13,655 [11] INFO  GXEBRebackSaveTool.Utils.DataDealHelper [(null)] - 开始解析数据-35
2018-05-31 15:19:13,655 [24] INFO  GXEBRebackSaveTool.FormMain [(null)] - 握手应答指令已发送
2018-05-31 15:19:15,855 [11] INFO  GXEBRebackSaveTool.Utils.DataDealHelper [(null)] - 开始解析数据-202
2018-05-31 15:19:15,855 [24] INFO  GXEBRebackSaveTool.FormMain [(null)] - 握手应答指令已发送
2018-05-31 15:19:15,894 [12] INFO  GXEBRebackSaveTool.Utils.DataDealHelper [(null)] - 数据库存储结束-True
2018-05-31 15:19:22,957 [11] INFO  GXEBRebackSaveTool.Utils.DataDealHelper [(null)] - 开始解析数据-35
2018-05-31 15:19:27,057 [11] INFO  GXEBRebackSaveTool.Utils.DataDealHelper [(null)] - 开始解析数据-202
2018-05-31 15:19:27,057 [24] INFO  GXEBRebackSaveTool.FormMain [(null)] - 握手应答指令已发送
2018-05-31 15:19:27,097 [12] INFO  GXEBRebackSaveTool.Utils.DataDealHelper [(null)] - 数据库存储结束-True
2018-05-31 15:19:34,158 [11] INFO  GXEBRebackSaveTool.Utils.DataDealHelper [(null)] - 开始解析数据-35
2018-05-31 15:19:34,159 [24] INFO  GXEBRebackSaveTool.FormMain [(null)] - 握手应答指令已发送
2018-05-31 15:19:41,260 [11] INFO  GXEBRebackSaveTool.Utils.DataDealHelper [(null)] - 开始解析数据-35
2018-05-31 15:19:50,360 [11] INFO  GXEBRebackSaveTool.Utils.DataDealHelper [(null)] - 开始解析数据-35
2018-05-31 15:19:54,461 [11] INFO  GXEBRebackSaveTool.Utils.DataDealHelper [(null)] - 开始解析数据-202
2018-05-31 15:19:54,462 [22] INFO  GXEBRebackSaveTool.FormMain [(null)] - 握手应答指令已发送
2018-05-31 15:19:54,818 [12] INFO  GXEBRebackSaveTool.Utils.DataDealHelper [(null)] - 数据库存储结束-True
2018-05-31 15:20:01,562 [11] INFO  GXEBRebackSaveTool.Utils.DataDealHelper [(null)] - 开始解析数据-35
2018-05-31 15:20:10,663 [11] INFO  GXEBRebackSaveTool.Utils.DataDealHelper [(null)] - 开始解析数据-35
2018-05-31 15:20:14,763 [11] INFO  GXEBRebackSaveTool.Utils.DataDealHelper [(null)] - 开始解析数据-202
2018-05-31 15:20:14,763 [22] INFO  GXEBRebackSaveTool.FormMain [(null)] - 握手应答指令已发送
2018-05-31 15:20:14,802 [12] INFO  GXEBRebackSaveTool.Utils.DataDealHelper [(null)] - 数据库存储结束-True
2018-05-31 15:20:21,863 [11] INFO  GXEBRebackSaveTool.Utils.DataDealHelper [(null)] - 开始解析数据-35
2018-05-31 15:20:30,964 [11] INFO  GXEBRebackSaveTool.Utils.DataDealHelper [(null)] - 开始解析数据-35
2018-05-31 15:20:35,064 [11] INFO  GXEBRebackSaveTool.Utils.DataDealHelper [(null)] - 开始解析数据-202
2018-05-31 15:20:35,064 [24] INFO  GXEBRebackSaveTool.FormMain [(null)] - 握手应答指令已发送
2018-05-31 15:20:35,124 [12] INFO  GXEBRebackSaveTool.Utils.DataDealHelper [(null)] - 数据库存储结束-True
2018-05-31 15:20:42,164 [11] INFO  GXEBRebackSaveTool.Utils.DataDealHelper [(null)] - 开始解析数据-35
2018-05-31 15:20:42,164 [22] INFO  GXEBRebackSaveTool.FormMain [(null)] - 握手应答指令已发送
2018-05-31 15:20:49,265 [11] INFO  GXEBRebackSaveTool.Utils.DataDealHelper [(null)] - 开始解析数据-35
2018-05-31 15:20:53,365 [11] INFO  GXEBRebackSaveTool.Utils.DataDealHelper [(null)] - 开始解析数据-202
2018-05-31 15:20:53,365 [22] INFO  GXEBRebackSaveTool.FormMain [(null)] - 握手应答指令已发送
2018-05-31 15:20:53,406 [12] INFO  GXEBRebackSaveTool.Utils.DataDealHelper [(null)] - 数据库存储结束-True
2018-05-31 15:21:00,465 [11] INFO  GXEBRebackSaveTool.Utils.DataDealHelper [(null)] - 开始解析数据-35
2018-05-31 15:21:04,666 [11] INFO  GXEBRebackSaveTool.Utils.DataDealHelper [(null)] - 开始解析数据-202
2018-05-31 15:21:04,669 [16] INFO  GXEBRebackSaveTool.FormMain [(null)] - 握手应答指令已发送
2018-05-31 15:21:04,723 [12] INFO  GXEBRebackSaveTool.Utils.DataDealHelper [(null)] - 数据库存储结束-True
2018-05-31 15:21:11,769 [11] INFO  GXEBRebackSaveTool.Utils.DataDealHelper [(null)] - 开始解析数据-35
2018-05-31 15:21:11,769 [22] INFO  GXEBRebackSaveTool.FormMain [(null)] - 握手应答指令已发送
2018-05-31 15:21:13,969 [11] INFO  GXEBRebackSaveTool.Utils.DataDealHelper [(null)] - 开始解析数据-202
2018-05-31 15:21:13,969 [24] INFO  GXEBRebackSaveTool.FormMain [(null)] - 握手应答指令已发送
2018-05-31 15:21:14,009 [12] INFO  GXEBRebackSaveTool.Utils.DataDealHelper [(null)] - 数据库存储结束-True
2018-05-31 15:21:21,070 [11] INFO  GXEBRebackSaveTool.Utils.DataDealHelper [(null)] - 开始解析数据-35
2018-05-31 15:21:30,170 [11] INFO  GXEBRebackSaveTool.Utils.DataDealHelper [(null)] - 开始解析数据-35
2018-05-31 15:21:34,270 [11] INFO  GXEBRebackSaveTool.Utils.DataDealHelper [(null)] - 开始解析数据-202
2018-05-31 15:21:34,270 [22] INFO  GXEBRebackSaveTool.FormMain [(null)] - 握手应答指令已发送
2018-05-31 15:21:34,309 [12] INFO  GXEBRebackSaveTool.Utils.DataDealHelper [(null)] - 数据库存储结束-True
2018-05-31 15:21:41,471 [11] INFO  GXEBRebackSaveTool.Utils.DataDealHelper [(null)] - 开始解析数据-35
2018-05-31 15:21:50,471 [11] INFO  GXEBRebackSaveTool.Utils.DataDealHelper [(null)] - 开始解析数据-35
2018-05-31 15:21:54,572 [11] INFO  GXEBRebackSaveTool.Utils.DataDealHelper [(null)] - 开始解析数据-202
2018-05-31 15:21:54,573 [22] INFO  GXEBRebackSaveTool.FormMain [(null)] - 握手应答指令已发送
2018-05-31 15:21:54,617 [12] INFO  GXEBRebackSaveTool.Utils.DataDealHelper [(null)] - 数据库存储结束-True
2018-05-31 15:22:01,773 [11] INFO  GXEBRebackSaveTool.Utils.DataDealHelper [(null)] - 开始解析数据-35
2018-05-31 15:22:10,773 [11] INFO  GXEBRebackSaveTool.Utils.DataDealHelper [(null)] - 开始解析数据-35
2018-05-31 15:22:14,974 [11] INFO  GXEBRebackSaveTool.Utils.DataDealHelper [(null)] - 开始解析数据-202
2018-05-31 15:22:14,974 [22] INFO  GXEBRebackSaveTool.FormMain [(null)] - 握手应答指令已发送
2018-05-31 15:22:15,055 [12] INFO  GXEBRebackSaveTool.Utils.DataDealHelper [(null)] - 数据库存储结束-True
2018-05-31 15:22:22,174 [11] INFO  GXEBRebackSaveTool.Utils.DataDealHelper [(null)] - 开始解析数据-35
2018-05-31 15:22:31,175 [11] INFO  GXEBRebackSaveTool.Utils.DataDealHelper [(null)] - 开始解析数据-35
2018-05-31 15:22:35,375 [11] INFO  GXEBRebackSaveTool.Utils.DataDealHelper [(null)] - 开始解析数据-202
2018-05-31 15:22:35,376 [22] INFO  GXEBRebackSaveTool.FormMain [(null)] - 握手应答指令已发送
2018-05-31 15:22:35,416 [12] INFO  GXEBRebackSaveTool.Utils.DataDealHelper [(null)] - 数据库存储结束-True
2018-05-31 15:22:42,477 [11] INFO  GXEBRebackSaveTool.Utils.DataDealHelper [(null)] - 开始解析数据-35
2018-05-31 15:22:42,477 [24] INFO  GXEBRebackSaveTool.FormMain [(null)] - 握手应答指令已发送
2018-05-31 15:22:49,578 [11] INFO  GXEBRebackSaveTool.Utils.DataDealHelper [(null)] - 开始解析数据-35
2018-05-31 15:22:53,678 [11] INFO  GXEBRebackSaveTool.Utils.DataDealHelper [(null)] - 开始解析数据-202
2018-05-31 15:22:53,678 [22] INFO  GXEBRebackSaveTool.FormMain [(null)] - 握手应答指令已发送
2018-05-31 15:22:53,737 [12] INFO  GXEBRebackSaveTool.Utils.DataDealHelper [(null)] - 数据库存储结束-True
2018-05-31 15:23:00,778 [11] INFO  GXEBRebackSaveTool.Utils.DataDealHelper [(null)] - 开始解析数据-35
2018-05-31 15:23:09,880 [11] INFO  GXEBRebackSaveTool.Utils.DataDealHelper [(null)] - 开始解析数据-35
2018-05-31 15:23:13,981 [11] INFO  GXEBRebackSaveTool.Utils.DataDealHelper [(null)] - 开始解析数据-202
2018-05-31 15:23:13,981 [24] INFO  GXEBRebackSaveTool.FormMain [(null)] - 握手应答指令已发送
2018-05-31 15:23:14,021 [12] INFO  GXEBRebackSaveTool.Utils.DataDealHelper [(null)] - 数据库存储结束-True
2018-05-31 15:23:21,081 [11] INFO  GXEBRebackSaveTool.Utils.DataDealHelper [(null)] - 开始解析数据-35
2018-05-31 15:23:30,183 [11] INFO  GXEBRebackSaveTool.Utils.DataDealHelper [(null)] - 开始解析数据-35
2018-05-31 15:23:34,283 [11] INFO  GXEBRebackSaveTool.Utils.DataDealHelper [(null)] - 开始解析数据-202
2018-05-31 15:23:34,283 [16] INFO  GXEBRebackSaveTool.FormMain [(null)] - 握手应答指令已发送
2018-05-31 15:23:34,361 [12] INFO  GXEBRebackSaveTool.Utils.DataDealHelper [(null)] - 数据库存储结束-True
2018-05-31 15:23:41,384 [11] INFO  GXEBRebackSaveTool.Utils.DataDealHelper [(null)] - 开始解析数据-35
2018-05-31 15:23:50,485 [11] INFO  GXEBRebackSaveTool.Utils.DataDealHelper [(null)] - 开始解析数据-35
2018-05-31 15:23:54,586 [11] INFO  GXEBRebackSaveTool.Utils.DataDealHelper [(null)] - 开始解析数据-202
2018-05-31 15:23:54,587 [22] INFO  GXEBRebackSaveTool.FormMain [(null)] - 握手应答指令已发送
2018-05-31 15:23:54,630 [12] INFO  GXEBRebackSaveTool.Utils.DataDealHelper [(null)] - 数据库存储结束-True
2018-05-31 15:24:01,788 [11] INFO  GXEBRebackSaveTool.Utils.DataDealHelper [(null)] - 开始解析数据-35
2018-05-31 15:24:01,794 [28] INFO  GXEBRebackSaveTool.FormMain [(null)] - 握手应答指令已发送
2018-05-31 15:24:08,889 [11] INFO  GXEBRebackSaveTool.Utils.DataDealHelper [(null)] - 开始解析数据-35
2018-05-31 15:24:08,889 [28] INFO  GXEBRebackSaveTool.FormMain [(null)] - 握手应答指令已发送
2018-05-31 15:24:11,089 [11] INFO  GXEBRebackSaveTool.Utils.DataDealHelper [(null)] - 开始解析数据-202
2018-05-31 15:24:11,090 [29] INFO  GXEBRebackSaveTool.FormMain [(null)] - 握手应答指令已发送
2018-05-31 15:24:11,128 [12] INFO  GXEBRebackSaveTool.Utils.DataDealHelper [(null)] - 数据库存储结束-True
2018-05-31 15:24:18,191 [11] INFO  GXEBRebackSaveTool.Utils.DataDealHelper [(null)] - 开始解析数据-35
2018-05-31 15:24:27,291 [11] INFO  GXEBRebackSaveTool.Utils.DataDealHelper [(null)] - 开始解析数据-35
2018-05-31 15:24:31,391 [11] INFO  GXEBRebackSaveTool.Utils.DataDealHelper [(null)] - 开始解析数据-202
2018-05-31 15:24:31,391 [29] INFO  GXEBRebackSaveTool.FormMain [(null)] - 握手应答指令已发送
2018-05-31 15:24:31,430 [12] INFO  GXEBRebackSaveTool.Utils.DataDealHelper [(null)] - 数据库存储结束-True
2018-05-31 15:24:38,593 [11] INFO  GXEBRebackSaveTool.Utils.DataDealHelper [(null)] - 开始解析数据-35
2018-05-31 15:24:47,594 [11] INFO  GXEBRebackSaveTool.Utils.DataDealHelper [(null)] - 开始解析数据-35
2018-05-31 15:24:51,795 [11] INFO  GXEBRebackSaveTool.Utils.DataDealHelper [(null)] - 开始解析数据-202
2018-05-31 15:24:51,795 [29] INFO  GXEBRebackSaveTool.FormMain [(null)] - 握手应答指令已发送
2018-05-31 15:24:51,835 [12] INFO  GXEBRebackSaveTool.Utils.DataDealHelper [(null)] - 数据库存储结束-True
2018-05-31 15:24:58,974 [11] INFO  GXEBRebackSaveTool.Utils.DataDealHelper [(null)] - 开始解析数据-35
2018-05-31 15:25:07,976 [11] INFO  GXEBRebackSaveTool.Utils.DataDealHelper [(null)] - 开始解析数据-35
2018-05-31 15:25:12,176 [11] INFO  GXEBRebackSaveTool.Utils.DataDealHelper [(null)] - 开始解析数据-202
2018-05-31 15:25:12,177 [29] INFO  GXEBRebackSaveTool.FormMain [(null)] - 握手应答指令已发送
2018-05-31 15:25:12,235 [12] INFO  GXEBRebackSaveTool.Utils.DataDealHelper [(null)] - 数据库存储结束-True
2018-05-31 15:25:19,277 [11] INFO  GXEBRebackSaveTool.Utils.DataDealHelper [(null)] - 开始解析数据-35
2018-05-31 15:25:28,379 [11] INFO  GXEBRebackSaveTool.Utils.DataDealHelper [(null)] - 开始解析数据-35
2018-05-31 15:25:32,479 [11] INFO  GXEBRebackSaveTool.Utils.DataDealHelper [(null)] - 开始解析数据-202
2018-05-31 15:25:32,480 [29] INFO  GXEBRebackSaveTool.FormMain [(null)] - 握手应答指令已发送
2018-05-31 15:25:32,520 [12] INFO  GXEBRebackSaveTool.Utils.DataDealHelper [(null)] - 数据库存储结束-True
2018-05-31 15:25:39,680 [11] INFO  GXEBRebackSaveTool.Utils.DataDealHelper [(null)] - 开始解析数据-35
2018-05-31 15:25:48,682 [11] INFO  GXEBRebackSaveTool.Utils.DataDealHelper [(null)] - 开始解析数据-35
2018-05-31 15:25:52,883 [11] INFO  GXEBRebackSaveTool.Utils.DataDealHelper [(null)] - 开始解析数据-202
2018-05-31 15:25:52,883 [29] INFO  GXEBRebackSaveTool.FormMain [(null)] - 握手应答指令已发送
2018-05-31 15:25:52,941 [12] INFO  GXEBRebackSaveTool.Utils.DataDealHelper [(null)] - 数据库存储结束-True
2018-05-31 15:26:00,085 [11] INFO  GXEBRebackSaveTool.Utils.DataDealHelper [(null)] - 开始解析数据-35
2018-05-31 15:26:09,186 [11] INFO  GXEBRebackSaveTool.Utils.DataDealHelper [(null)] - 开始解析数据-35
2018-05-31 15:26:13,286 [11] INFO  GXEBRebackSaveTool.Utils.DataDealHelper [(null)] - 开始解析数据-202
2018-05-31 15:26:13,286 [29] INFO  GXEBRebackSaveTool.FormMain [(null)] - 握手应答指令已发送
2018-05-31 15:26:13,814 [12] INFO  GXEBRebackSaveTool.Utils.DataDealHelper [(null)] - 数据库存储结束-True
2018-05-31 15:26:20,387 [11] INFO  GXEBRebackSaveTool.Utils.DataDealHelper [(null)] - 开始解析数据-35
2018-05-31 15:26:24,488 [11] INFO  GXEBRebackSaveTool.Utils.DataDealHelper [(null)] - 开始解析数据-202
2018-05-31 15:26:24,490 [16] INFO  GXEBRebackSaveTool.FormMain [(null)] - 握手应答指令已发送
2018-05-31 15:26:24,530 [12] INFO  GXEBRebackSaveTool.Utils.DataDealHelper [(null)] - 数据库存储结束-True
2018-05-31 15:26:31,690 [11] INFO  GXEBRebackSaveTool.Utils.DataDealHelper [(null)] - 开始解析数据-35
2018-05-31 15:26:35,691 [11] INFO  GXEBRebackSaveTool.Utils.DataDealHelper [(null)] - 开始解析数据-93
2018-05-31 15:26:35,691 [28] INFO  GXEBRebackSaveTool.FormMain [(null)] - 握手应答指令已发送
2018-05-31 15:26:42,792 [11] INFO  GXEBRebackSaveTool.Utils.DataDealHelper [(null)] - 开始解析数据-35
2018-05-31 15:26:42,792 [29] INFO  GXEBRebackSaveTool.FormMain [(null)] - 握手应答指令已发送
2018-05-31 15:26:44,992 [11] INFO  GXEBRebackSaveTool.Utils.DataDealHelper [(null)] - 开始解析数据-202
2018-05-31 15:26:44,992 [29] INFO  GXEBRebackSaveTool.FormMain [(null)] - 握手应答指令已发送
2018-05-31 15:26:45,055 [12] INFO  GXEBRebackSaveTool.Utils.DataDealHelper [(null)] - 数据库存储结束-True
2018-05-31 15:26:52,094 [11] INFO  GXEBRebackSaveTool.Utils.DataDealHelper [(null)] - 开始解析数据-35
2018-05-31 15:26:56,194 [11] INFO  GXEBRebackSaveTool.Utils.DataDealHelper [(null)] - 开始解析数据-202
2018-05-31 15:26:56,194 [29] INFO  GXEBRebackSaveTool.FormMain [(null)] - 握手应答指令已发送
2018-05-31 15:26:56,238 [12] INFO  GXEBRebackSaveTool.Utils.DataDealHelper [(null)] - 数据库存储结束-True
2018-05-31 15:27:03,295 [11] INFO  GXEBRebackSaveTool.Utils.DataDealHelper [(null)] - 开始解析数据-35
2018-05-31 15:27:07,395 [11] INFO  GXEBRebackSaveTool.Utils.DataDealHelper [(null)] - 开始解析数据-202
2018-05-31 15:27:07,395 [28] INFO  GXEBRebackSaveTool.FormMain [(null)] - 握手应答指令已发送
2018-05-31 15:27:07,436 [12] INFO  GXEBRebackSaveTool.Utils.DataDealHelper [(null)] - 数据库存储结束-True
2018-05-31 15:27:14,496 [11] INFO  GXEBRebackSaveTool.Utils.DataDealHelper [(null)] - 开始解析数据-35
2018-05-31 15:27:14,496 [29] INFO  GXEBRebackSaveTool.FormMain [(null)] - 握手应答指令已发送
2018-05-31 15:27:16,696 [11] INFO  GXEBRebackSaveTool.Utils.DataDealHelper [(null)] - 开始解析数据-202
2018-05-31 15:27:16,698 [29] INFO  GXEBRebackSaveTool.FormMain [(null)] - 握手应答指令已发送
2018-05-31 15:27:16,739 [12] INFO  GXEBRebackSaveTool.Utils.DataDealHelper [(null)] - 数据库存储结束-True
2018-05-31 15:27:23,899 [11] INFO  GXEBRebackSaveTool.Utils.DataDealHelper [(null)] - 开始解析数据-35
2018-05-31 15:27:23,899 [29] INFO  GXEBRebackSaveTool.FormMain [(null)] - 握手应答指令已发送
2018-05-31 15:27:31,000 [11] INFO  GXEBRebackSaveTool.Utils.DataDealHelper [(null)] - 开始解析数据-35
2018-05-31 15:27:35,200 [11] INFO  GXEBRebackSaveTool.Utils.DataDealHelper [(null)] - 开始解析数据-202
2018-05-31 15:27:35,201 [28] INFO  GXEBRebackSaveTool.FormMain [(null)] - 握手应答指令已发送
2018-05-31 15:27:35,240 [12] INFO  GXEBRebackSaveTool.Utils.DataDealHelper [(null)] - 数据库存储结束-True
2018-05-31 15:27:42,301 [11] INFO  GXEBRebackSaveTool.Utils.DataDealHelper [(null)] - 开始解析数据-35
2018-05-31 15:27:42,301 [28] INFO  GXEBRebackSaveTool.FormMain [(null)] - 握手应答指令已发送
2018-05-31 15:27:49,402 [11] INFO  GXEBRebackSaveTool.Utils.DataDealHelper [(null)] - 开始解析数据-35
2018-05-31 15:27:53,502 [11] INFO  GXEBRebackSaveTool.Utils.DataDealHelper [(null)] - 开始解析数据-202
2018-05-31 15:27:53,502 [29] INFO  GXEBRebackSaveTool.FormMain [(null)] - 握手应答指令已发送
2018-05-31 15:27:53,545 [12] INFO  GXEBRebackSaveTool.Utils.DataDealHelper [(null)] - 数据库存储结束-True
2018-05-31 15:28:00,603 [11] INFO  GXEBRebackSaveTool.Utils.DataDealHelper [(null)] - 开始解析数据-35
2018-05-31 15:28:09,704 [11] INFO  GXEBRebackSaveTool.Utils.DataDealHelper [(null)] - 开始解析数据-35
2018-05-31 15:28:13,904 [11] INFO  GXEBRebackSaveTool.Utils.DataDealHelper [(null)] - 开始解析数据-202
2018-05-31 15:28:13,904 [28] INFO  GXEBRebackSaveTool.FormMain [(null)] - 握手应答指令已发送
2018-05-31 15:28:13,943 [12] INFO  GXEBRebackSaveTool.Utils.DataDealHelper [(null)] - 数据库存储结束-True
2018-05-31 15:28:21,005 [11] INFO  GXEBRebackSaveTool.Utils.DataDealHelper [(null)] - 开始解析数据-35
2018-05-31 15:28:30,106 [11] INFO  GXEBRebackSaveTool.Utils.DataDealHelper [(null)] - 开始解析数据-35
2018-05-31 15:28:34,206 [11] INFO  GXEBRebackSaveTool.Utils.DataDealHelper [(null)] - 开始解析数据-202
2018-05-31 15:28:34,206 [30] INFO  GXEBRebackSaveTool.FormMain [(null)] - 握手应答指令已发送
2018-05-31 15:28:34,268 [12] INFO  GXEBRebackSaveTool.Utils.DataDealHelper [(null)] - 数据库存储结束-True
2018-05-31 15:28:41,307 [11] INFO  GXEBRebackSaveTool.Utils.DataDealHelper [(null)] - 开始解析数据-35
2018-05-31 15:28:45,408 [11] INFO  GXEBRebackSaveTool.Utils.DataDealHelper [(null)] - 开始解析数据-202
2018-05-31 15:28:45,409 [30] INFO  GXEBRebackSaveTool.FormMain [(null)] - 握手应答指令已发送
2018-05-31 15:28:45,448 [12] INFO  GXEBRebackSaveTool.Utils.DataDealHelper [(null)] - 数据库存储结束-True
2018-05-31 15:28:52,509 [11] INFO  GXEBRebackSaveTool.Utils.DataDealHelper [(null)] - 开始解析数据-35
2018-05-31 15:28:56,610 [11] INFO  GXEBRebackSaveTool.Utils.DataDealHelper [(null)] - 开始解析数据-93
2018-05-31 15:28:56,610 [30] INFO  GXEBRebackSaveTool.FormMain [(null)] - 握手应答指令已发送
2018-05-31 15:29:03,711 [11] INFO  GXEBRebackSaveTool.Utils.DataDealHelper [(null)] - 开始解析数据-35
2018-05-31 15:29:07,811 [11] INFO  GXEBRebackSaveTool.Utils.DataDealHelper [(null)] - 开始解析数据-202
2018-05-31 15:29:07,812 [28] INFO  GXEBRebackSaveTool.FormMain [(null)] - 握手应答指令已发送
2018-05-31 15:29:07,865 [12] INFO  GXEBRebackSaveTool.Utils.DataDealHelper [(null)] - 数据库存储结束-True
2018-05-31 15:29:14,913 [11] INFO  GXEBRebackSaveTool.Utils.DataDealHelper [(null)] - 开始解析数据-35
2018-05-31 15:29:14,913 [28] INFO  GXEBRebackSaveTool.FormMain [(null)] - 握手应答指令已发送
2018-05-31 15:29:17,113 [11] INFO  GXEBRebackSaveTool.Utils.DataDealHelper [(null)] - 开始解析数据-202
2018-05-31 15:29:17,113 [28] INFO  GXEBRebackSaveTool.FormMain [(null)] - 握手应答指令已发送
2018-05-31 15:29:17,153 [12] INFO  GXEBRebackSaveTool.Utils.DataDealHelper [(null)] - 数据库存储结束-True
2018-05-31 15:29:24,214 [11] INFO  GXEBRebackSaveTool.Utils.DataDealHelper [(null)] - 开始解析数据-35
2018-05-31 15:29:24,214 [28] INFO  GXEBRebackSaveTool.FormMain [(null)] - 握手应答指令已发送
2018-05-31 15:29:31,315 [11] INFO  GXEBRebackSaveTool.Utils.DataDealHelper [(null)] - 开始解析数据-35
2018-05-31 15:29:35,415 [11] INFO  GXEBRebackSaveTool.Utils.DataDealHelper [(null)] - 开始解析数据-202
2018-05-31 15:29:35,415 [30] INFO  GXEBRebackSaveTool.FormMain [(null)] - 握手应答指令已发送
2018-05-31 15:29:35,457 [12] INFO  GXEBRebackSaveTool.Utils.DataDealHelper [(null)] - 数据库存储结束-True
2018-05-31 15:29:42,516 [11] INFO  GXEBRebackSaveTool.Utils.DataDealHelper [(null)] - 开始解析数据-35
2018-05-31 15:29:51,618 [11] INFO  GXEBRebackSaveTool.Utils.DataDealHelper [(null)] - 开始解析数据-35
2018-05-31 15:29:55,718 [11] INFO  GXEBRebackSaveTool.Utils.DataDealHelper [(null)] - 开始解析数据-202
2018-05-31 15:29:55,719 [28] INFO  GXEBRebackSaveTool.FormMain [(null)] - 握手应答指令已发送
2018-05-31 15:29:55,760 [12] INFO  GXEBRebackSaveTool.Utils.DataDealHelper [(null)] - 数据库存储结束-True
2018-05-31 15:30:02,820 [11] INFO  GXEBRebackSaveTool.Utils.DataDealHelper [(null)] - 开始解析数据-35
2018-05-31 15:30:11,921 [11] INFO  GXEBRebackSaveTool.Utils.DataDealHelper [(null)] - 开始解析数据-35
2018-05-31 15:30:11,921 [28] INFO  GXEBRebackSaveTool.FormMain [(null)] - 握手应答指令已发送
2018-05-31 15:30:14,121 [11] INFO  GXEBRebackSaveTool.Utils.DataDealHelper [(null)] - 开始解析数据-202
2018-05-31 15:30:14,121 [30] INFO  GXEBRebackSaveTool.FormMain [(null)] - 握手应答指令已发送
2018-05-31 15:30:14,161 [12] INFO  GXEBRebackSaveTool.Utils.DataDealHelper [(null)] - 数据库存储结束-True
2018-05-31 15:30:21,222 [11] INFO  GXEBRebackSaveTool.Utils.DataDealHelper [(null)] - 开始解析数据-35
2018-05-31 15:30:30,322 [11] INFO  GXEBRebackSaveTool.Utils.DataDealHelper [(null)] - 开始解析数据-35
2018-05-31 15:30:34,423 [11] INFO  GXEBRebackSaveTool.Utils.DataDealHelper [(null)] - 开始解析数据-202
2018-05-31 15:30:34,423 [28] INFO  GXEBRebackSaveTool.FormMain [(null)] - 握手应答指令已发送
2018-05-31 15:30:34,464 [12] INFO  GXEBRebackSaveTool.Utils.DataDealHelper [(null)] - 数据库存储结束-True
2018-05-31 15:30:41,524 [11] INFO  GXEBRebackSaveTool.Utils.DataDealHelper [(null)] - 开始解析数据-35
2018-05-31 15:30:50,625 [11] INFO  GXEBRebackSaveTool.Utils.DataDealHelper [(null)] - 开始解析数据-35
2018-05-31 15:30:54,725 [11] INFO  GXEBRebackSaveTool.Utils.DataDealHelper [(null)] - 开始解析数据-202
2018-05-31 15:30:54,725 [28] INFO  GXEBRebackSaveTool.FormMain [(null)] - 握手应答指令已发送
2018-05-31 15:30:54,773 [12] INFO  GXEBRebackSaveTool.Utils.DataDealHelper [(null)] - 数据库存储结束-True
2018-05-31 15:31:01,826 [11] INFO  GXEBRebackSaveTool.Utils.DataDealHelper [(null)] - 开始解析数据-35
2018-05-31 15:31:10,926 [11] INFO  GXEBRebackSaveTool.Utils.DataDealHelper [(null)] - 开始解析数据-35
2018-05-31 15:31:15,027 [11] INFO  GXEBRebackSaveTool.Utils.DataDealHelper [(null)] - 开始解析数据-202
2018-05-31 15:31:15,028 [28] INFO  GXEBRebackSaveTool.FormMain [(null)] - 握手应答指令已发送
2018-05-31 15:31:15,067 [12] INFO  GXEBRebackSaveTool.Utils.DataDealHelper [(null)] - 数据库存储结束-True
2018-05-31 15:31:22,128 [11] INFO  GXEBRebackSaveTool.Utils.DataDealHelper [(null)] - 开始解析数据-35
2018-05-31 15:31:31,229 [11] INFO  GXEBRebackSaveTool.Utils.DataDealHelper [(null)] - 开始解析数据-35
2018-05-31 15:31:35,331 [11] INFO  GXEBRebackSaveTool.Utils.DataDealHelper [(null)] - 开始解析数据-202
2018-05-31 15:31:35,331 [28] INFO  GXEBRebackSaveTool.FormMain [(null)] - 握手应答指令已发送
2018-05-31 15:31:35,436 [12] INFO  GXEBRebackSaveTool.Utils.DataDealHelper [(null)] - 数据库存储结束-True
2018-05-31 15:31:42,433 [11] INFO  GXEBRebackSaveTool.Utils.DataDealHelper [(null)] - 开始解析数据-35
2018-05-31 15:31:42,433 [28] INFO  GXEBRebackSaveTool.FormMain [(null)] - 握手应答指令已发送
2018-05-31 15:31:49,534 [11] INFO  GXEBRebackSaveTool.Utils.DataDealHelper [(null)] - 开始解析数据-35
2018-05-31 15:31:53,634 [11] INFO  GXEBRebackSaveTool.Utils.DataDealHelper [(null)] - 开始解析数据-202
2018-05-31 15:31:53,634 [30] INFO  GXEBRebackSaveTool.FormMain [(null)] - 握手应答指令已发送
2018-05-31 15:31:53,684 [12] INFO  GXEBRebackSaveTool.Utils.DataDealHelper [(null)] - 数据库存储结束-True
2018-05-31 15:32:00,735 [11] INFO  GXEBRebackSaveTool.Utils.DataDealHelper [(null)] - 开始解析数据-35
2018-05-31 15:32:09,836 [11] INFO  GXEBRebackSaveTool.Utils.DataDealHelper [(null)] - 开始解析数据-35
2018-05-31 15:32:13,936 [11] INFO  GXEBRebackSaveTool.Utils.DataDealHelper [(null)] - 开始解析数据-202
2018-05-31 15:32:13,936 [30] INFO  GXEBRebackSaveTool.FormMain [(null)] - 握手应答指令已发送
2018-05-31 15:32:13,979 [12] INFO  GXEBRebackSaveTool.Utils.DataDealHelper [(null)] - 数据库存储结束-True
2018-05-31 15:32:21,036 [11] INFO  GXEBRebackSaveTool.Utils.DataDealHelper [(null)] - 开始解析数据-35
