2017-11-23 13:53:42,894 [8] INFO  GXEBRebackSaveTool.Utils.NetServer [(null)] - TCP服务器关闭
2017-11-23 13:53:43,143 [8] INFO  GXEBRebackSaveTool.Utils.NetServer [(null)] - UDP服务器关闭
2017-11-23 13:55:02,033 [10] INFO  GXEBRebackSaveTool.Utils.NetServer [(null)] - TCP服务器关闭
2017-11-23 13:55:02,251 [10] INFO  GXEBRebackSaveTool.Utils.NetServer [(null)] - UDP服务器关闭
2017-11-23 14:04:55,450 [9] INFO  GXEBRebackSaveTool.Utils.NetServer [(null)] - TCP服务器关闭
2017-11-23 14:04:55,669 [9] INFO  GXEBRebackSaveTool.Utils.NetServer [(null)] - UDP服务器关闭
2017-11-23 14:36:32,021 [12] INFO  GXEBRebackSaveTool.Utils.DataDealHelper [(null)] - 开始解析数据-199
2017-11-23 14:36:32,567 [15] ERROR GXEBRebackSaveTool.Utils.DBHelper [(null)] - 批量更新设备在线状态发生异常
System.IndexOutOfRangeException: 在位置 0 处没有任何行。
   在 System.Data.RBTree`1.GetNodeByIndex(Int32 userIndex)
   在 System.Data.DataRowCollection.get_Item(Int32 index)
   在 GXEBRebackSaveTool.Utils.DBHelper.UpdateSrvEquipmentStatusBatch(DataTable dt) 位置 d:\ProjectDoc\revision\GXEBRebackSaveTool\GXEBRebackSaveTool\GXEBRebackSaveTool\Utils\DBHelper.cs:行号 80
2017-11-23 14:36:32,630 [15] INFO  GXEBRebackSaveTool.Utils.DataDealHelper [(null)] - 数据库存储结束-False
2017-11-23 14:36:37,497 [12] INFO  GXEBRebackSaveTool.Utils.DataDealHelper [(null)] - 开始解析数据-199
2017-11-23 14:36:42,364 [17] ERROR GXEBRebackSaveTool.Utils.DBHelper [(null)] - 批量更新设备在线状态发生异常
System.IndexOutOfRangeException: 在位置 0 处没有任何行。
   在 System.Data.RBTree`1.GetNodeByIndex(Int32 userIndex)
   在 System.Data.DataRowCollection.get_Item(Int32 index)
   在 GXEBRebackSaveTool.Utils.DBHelper.UpdateSrvEquipmentStatusBatch(DataTable dt) 位置 d:\ProjectDoc\revision\GXEBRebackSaveTool\GXEBRebackSaveTool\GXEBRebackSaveTool\Utils\DBHelper.cs:行号 80
2017-11-23 14:36:42,442 [17] INFO  GXEBRebackSaveTool.Utils.DataDealHelper [(null)] - 数据库存储结束-False
2017-11-23 14:36:47,575 [12] INFO  GXEBRebackSaveTool.Utils.DataDealHelper [(null)] - 开始解析数据-199
2017-11-23 14:36:52,379 [17] ERROR GXEBRebackSaveTool.Utils.DBHelper [(null)] - 批量更新设备在线状态发生异常
System.IndexOutOfRangeException: 在位置 0 处没有任何行。
   在 System.Data.RBTree`1.GetNodeByIndex(Int32 userIndex)
   在 System.Data.DataRowCollection.get_Item(Int32 index)
   在 GXEBRebackSaveTool.Utils.DBHelper.UpdateSrvEquipmentStatusBatch(DataTable dt) 位置 d:\ProjectDoc\revision\GXEBRebackSaveTool\GXEBRebackSaveTool\GXEBRebackSaveTool\Utils\DBHelper.cs:行号 80
2017-11-23 14:36:52,411 [17] INFO  GXEBRebackSaveTool.Utils.DataDealHelper [(null)] - 数据库存储结束-False
2017-11-23 14:36:57,574 [12] INFO  GXEBRebackSaveTool.Utils.DataDealHelper [(null)] - 开始解析数据-199
2017-11-23 14:37:02,457 [17] ERROR GXEBRebackSaveTool.Utils.DBHelper [(null)] - 批量更新设备在线状态发生异常
System.IndexOutOfRangeException: 在位置 0 处没有任何行。
   在 System.Data.RBTree`1.GetNodeByIndex(Int32 userIndex)
   在 System.Data.DataRowCollection.get_Item(Int32 index)
   在 GXEBRebackSaveTool.Utils.DBHelper.UpdateSrvEquipmentStatusBatch(DataTable dt) 位置 d:\ProjectDoc\revision\GXEBRebackSaveTool\GXEBRebackSaveTool\GXEBRebackSaveTool\Utils\DBHelper.cs:行号 80
2017-11-23 14:37:02,473 [17] INFO  GXEBRebackSaveTool.Utils.DataDealHelper [(null)] - 数据库存储结束-False
2017-11-23 14:37:07,558 [12] INFO  GXEBRebackSaveTool.Utils.DataDealHelper [(null)] - 开始解析数据-199
2017-11-23 14:37:12,425 [15] ERROR GXEBRebackSaveTool.Utils.DBHelper [(null)] - 批量更新设备在线状态发生异常
System.IndexOutOfRangeException: 在位置 0 处没有任何行。
   在 System.Data.RBTree`1.GetNodeByIndex(Int32 userIndex)
   在 System.Data.DataRowCollection.get_Item(Int32 index)
   在 GXEBRebackSaveTool.Utils.DBHelper.UpdateSrvEquipmentStatusBatch(DataTable dt) 位置 d:\ProjectDoc\revision\GXEBRebackSaveTool\GXEBRebackSaveTool\GXEBRebackSaveTool\Utils\DBHelper.cs:行号 80
2017-11-23 14:37:12,441 [15] INFO  GXEBRebackSaveTool.Utils.DataDealHelper [(null)] - 数据库存储结束-False
2017-11-23 14:37:17,495 [12] INFO  GXEBRebackSaveTool.Utils.DataDealHelper [(null)] - 开始解析数据-199
2017-11-23 14:37:22,456 [20] ERROR GXEBRebackSaveTool.Utils.DBHelper [(null)] - 批量更新设备在线状态发生异常
System.IndexOutOfRangeException: 在位置 0 处没有任何行。
   在 System.Data.RBTree`1.GetNodeByIndex(Int32 userIndex)
   在 System.Data.DataRowCollection.get_Item(Int32 index)
   在 GXEBRebackSaveTool.Utils.DBHelper.UpdateSrvEquipmentStatusBatch(DataTable dt) 位置 d:\ProjectDoc\revision\GXEBRebackSaveTool\GXEBRebackSaveTool\GXEBRebackSaveTool\Utils\DBHelper.cs:行号 80
2017-11-23 14:37:22,503 [20] INFO  GXEBRebackSaveTool.Utils.DataDealHelper [(null)] - 数据库存储结束-False
2017-11-23 14:37:27,532 [12] INFO  GXEBRebackSaveTool.Utils.DataDealHelper [(null)] - 开始解析数据-199
2017-11-23 14:37:32,461 [20] ERROR GXEBRebackSaveTool.Utils.DBHelper [(null)] - 批量更新设备在线状态发生异常
System.IndexOutOfRangeException: 在位置 0 处没有任何行。
   在 System.Data.RBTree`1.GetNodeByIndex(Int32 userIndex)
   在 System.Data.DataRowCollection.get_Item(Int32 index)
   在 GXEBRebackSaveTool.Utils.DBHelper.UpdateSrvEquipmentStatusBatch(DataTable dt) 位置 d:\ProjectDoc\revision\GXEBRebackSaveTool\GXEBRebackSaveTool\GXEBRebackSaveTool\Utils\DBHelper.cs:行号 80
2017-11-23 14:37:32,508 [20] INFO  GXEBRebackSaveTool.Utils.DataDealHelper [(null)] - 数据库存储结束-False
2017-11-23 14:37:37,652 [12] INFO  GXEBRebackSaveTool.Utils.DataDealHelper [(null)] - 开始解析数据-199
2017-11-23 14:37:42,487 [20] ERROR GXEBRebackSaveTool.Utils.DBHelper [(null)] - 批量更新设备在线状态发生异常
System.IndexOutOfRangeException: 在位置 0 处没有任何行。
   在 System.Data.RBTree`1.GetNodeByIndex(Int32 userIndex)
   在 System.Data.DataRowCollection.get_Item(Int32 index)
   在 GXEBRebackSaveTool.Utils.DBHelper.UpdateSrvEquipmentStatusBatch(DataTable dt) 位置 d:\ProjectDoc\revision\GXEBRebackSaveTool\GXEBRebackSaveTool\GXEBRebackSaveTool\Utils\DBHelper.cs:行号 80
2017-11-23 14:37:42,518 [20] INFO  GXEBRebackSaveTool.Utils.DataDealHelper [(null)] - 数据库存储结束-False
2017-11-23 14:37:47,635 [12] INFO  GXEBRebackSaveTool.Utils.DataDealHelper [(null)] - 开始解析数据-199
2017-11-23 14:37:52,486 [20] ERROR GXEBRebackSaveTool.Utils.DBHelper [(null)] - 批量更新设备在线状态发生异常
System.IndexOutOfRangeException: 在位置 0 处没有任何行。
   在 System.Data.RBTree`1.GetNodeByIndex(Int32 userIndex)
   在 System.Data.DataRowCollection.get_Item(Int32 index)
   在 GXEBRebackSaveTool.Utils.DBHelper.UpdateSrvEquipmentStatusBatch(DataTable dt) 位置 d:\ProjectDoc\revision\GXEBRebackSaveTool\GXEBRebackSaveTool\GXEBRebackSaveTool\Utils\DBHelper.cs:行号 80
2017-11-23 14:37:52,518 [20] INFO  GXEBRebackSaveTool.Utils.DataDealHelper [(null)] - 数据库存储结束-False
2017-11-23 14:37:57,901 [12] INFO  GXEBRebackSaveTool.Utils.DataDealHelper [(null)] - 开始解析数据-199
2017-11-23 14:38:02,503 [17] ERROR GXEBRebackSaveTool.Utils.DBHelper [(null)] - 批量更新设备在线状态发生异常
System.IndexOutOfRangeException: 在位置 0 处没有任何行。
   在 System.Data.RBTree`1.GetNodeByIndex(Int32 userIndex)
   在 System.Data.DataRowCollection.get_Item(Int32 index)
   在 GXEBRebackSaveTool.Utils.DBHelper.UpdateSrvEquipmentStatusBatch(DataTable dt) 位置 d:\ProjectDoc\revision\GXEBRebackSaveTool\GXEBRebackSaveTool\GXEBRebackSaveTool\Utils\DBHelper.cs:行号 80
2017-11-23 14:38:02,518 [17] INFO  GXEBRebackSaveTool.Utils.DataDealHelper [(null)] - 数据库存储结束-False
2017-11-23 14:38:07,619 [12] INFO  GXEBRebackSaveTool.Utils.DataDealHelper [(null)] - 开始解析数据-199
2017-11-23 14:38:12,518 [20] ERROR GXEBRebackSaveTool.Utils.DBHelper [(null)] - 批量更新设备在线状态发生异常
System.IndexOutOfRangeException: 在位置 0 处没有任何行。
   在 System.Data.RBTree`1.GetNodeByIndex(Int32 userIndex)
   在 System.Data.DataRowCollection.get_Item(Int32 index)
   在 GXEBRebackSaveTool.Utils.DBHelper.UpdateSrvEquipmentStatusBatch(DataTable dt) 位置 d:\ProjectDoc\revision\GXEBRebackSaveTool\GXEBRebackSaveTool\GXEBRebackSaveTool\Utils\DBHelper.cs:行号 80
2017-11-23 14:38:12,549 [20] INFO  GXEBRebackSaveTool.Utils.DataDealHelper [(null)] - 数据库存储结束-False
2017-11-23 14:38:17,588 [12] INFO  GXEBRebackSaveTool.Utils.DataDealHelper [(null)] - 开始解析数据-199
2017-11-23 14:38:22,517 [20] ERROR GXEBRebackSaveTool.Utils.DBHelper [(null)] - 批量更新设备在线状态发生异常
System.IndexOutOfRangeException: 在位置 0 处没有任何行。
   在 System.Data.RBTree`1.GetNodeByIndex(Int32 userIndex)
   在 System.Data.DataRowCollection.get_Item(Int32 index)
   在 GXEBRebackSaveTool.Utils.DBHelper.UpdateSrvEquipmentStatusBatch(DataTable dt) 位置 d:\ProjectDoc\revision\GXEBRebackSaveTool\GXEBRebackSaveTool\GXEBRebackSaveTool\Utils\DBHelper.cs:行号 80
2017-11-23 14:38:22,533 [20] INFO  GXEBRebackSaveTool.Utils.DataDealHelper [(null)] - 数据库存储结束-False
2017-11-23 14:38:27,634 [12] INFO  GXEBRebackSaveTool.Utils.DataDealHelper [(null)] - 开始解析数据-199
2017-11-23 14:38:32,548 [17] ERROR GXEBRebackSaveTool.Utils.DBHelper [(null)] - 批量更新设备在线状态发生异常
System.IndexOutOfRangeException: 在位置 0 处没有任何行。
   在 System.Data.RBTree`1.GetNodeByIndex(Int32 userIndex)
   在 System.Data.DataRowCollection.get_Item(Int32 index)
   在 GXEBRebackSaveTool.Utils.DBHelper.UpdateSrvEquipmentStatusBatch(DataTable dt) 位置 d:\ProjectDoc\revision\GXEBRebackSaveTool\GXEBRebackSaveTool\GXEBRebackSaveTool\Utils\DBHelper.cs:行号 80
2017-11-23 14:38:32,595 [17] INFO  GXEBRebackSaveTool.Utils.DataDealHelper [(null)] - 数据库存储结束-False
2017-11-23 14:38:37,696 [12] INFO  GXEBRebackSaveTool.Utils.DataDealHelper [(null)] - 开始解析数据-199
2017-11-23 14:38:42,532 [17] ERROR GXEBRebackSaveTool.Utils.DBHelper [(null)] - 批量更新设备在线状态发生异常
System.IndexOutOfRangeException: 在位置 0 处没有任何行。
   在 System.Data.RBTree`1.GetNodeByIndex(Int32 userIndex)
   在 System.Data.DataRowCollection.get_Item(Int32 index)
   在 GXEBRebackSaveTool.Utils.DBHelper.UpdateSrvEquipmentStatusBatch(DataTable dt) 位置 d:\ProjectDoc\revision\GXEBRebackSaveTool\GXEBRebackSaveTool\GXEBRebackSaveTool\Utils\DBHelper.cs:行号 80
2017-11-23 14:38:42,548 [17] INFO  GXEBRebackSaveTool.Utils.DataDealHelper [(null)] - 数据库存储结束-False
2017-11-23 14:38:47,633 [12] INFO  GXEBRebackSaveTool.Utils.DataDealHelper [(null)] - 开始解析数据-199
2017-11-23 14:38:52,563 [17] ERROR GXEBRebackSaveTool.Utils.DBHelper [(null)] - 批量更新设备在线状态发生异常
System.IndexOutOfRangeException: 在位置 0 处没有任何行。
   在 System.Data.RBTree`1.GetNodeByIndex(Int32 userIndex)
   在 System.Data.DataRowCollection.get_Item(Int32 index)
   在 GXEBRebackSaveTool.Utils.DBHelper.UpdateSrvEquipmentStatusBatch(DataTable dt) 位置 d:\ProjectDoc\revision\GXEBRebackSaveTool\GXEBRebackSaveTool\GXEBRebackSaveTool\Utils\DBHelper.cs:行号 80
2017-11-23 14:38:52,579 [17] INFO  GXEBRebackSaveTool.Utils.DataDealHelper [(null)] - 数据库存储结束-False
2017-11-23 14:38:57,711 [12] INFO  GXEBRebackSaveTool.Utils.DataDealHelper [(null)] - 开始解析数据-199
2017-11-23 14:39:02,594 [17] ERROR GXEBRebackSaveTool.Utils.DBHelper [(null)] - 批量更新设备在线状态发生异常
System.IndexOutOfRangeException: 在位置 0 处没有任何行。
   在 System.Data.RBTree`1.GetNodeByIndex(Int32 userIndex)
   在 System.Data.DataRowCollection.get_Item(Int32 index)
   在 GXEBRebackSaveTool.Utils.DBHelper.UpdateSrvEquipmentStatusBatch(DataTable dt) 位置 d:\ProjectDoc\revision\GXEBRebackSaveTool\GXEBRebackSaveTool\GXEBRebackSaveTool\Utils\DBHelper.cs:行号 80
2017-11-23 14:39:02,625 [17] INFO  GXEBRebackSaveTool.Utils.DataDealHelper [(null)] - 数据库存储结束-False
2017-11-23 14:39:07,898 [12] INFO  GXEBRebackSaveTool.Utils.DataDealHelper [(null)] - 开始解析数据-199
2017-11-23 14:39:12,625 [20] ERROR GXEBRebackSaveTool.Utils.DBHelper [(null)] - 批量更新设备在线状态发生异常
System.IndexOutOfRangeException: 在位置 0 处没有任何行。
   在 System.Data.RBTree`1.GetNodeByIndex(Int32 userIndex)
   在 System.Data.DataRowCollection.get_Item(Int32 index)
   在 GXEBRebackSaveTool.Utils.DBHelper.UpdateSrvEquipmentStatusBatch(DataTable dt) 位置 d:\ProjectDoc\revision\GXEBRebackSaveTool\GXEBRebackSaveTool\GXEBRebackSaveTool\Utils\DBHelper.cs:行号 80
2017-11-23 14:39:12,671 [20] INFO  GXEBRebackSaveTool.Utils.DataDealHelper [(null)] - 数据库存储结束-False
2017-11-23 14:39:17,788 [12] INFO  GXEBRebackSaveTool.Utils.DataDealHelper [(null)] - 开始解析数据-199
2017-11-23 14:39:22,624 [17] ERROR GXEBRebackSaveTool.Utils.DBHelper [(null)] - 批量更新设备在线状态发生异常
System.IndexOutOfRangeException: 在位置 0 处没有任何行。
   在 System.Data.RBTree`1.GetNodeByIndex(Int32 userIndex)
   在 System.Data.DataRowCollection.get_Item(Int32 index)
   在 GXEBRebackSaveTool.Utils.DBHelper.UpdateSrvEquipmentStatusBatch(DataTable dt) 位置 d:\ProjectDoc\revision\GXEBRebackSaveTool\GXEBRebackSaveTool\GXEBRebackSaveTool\Utils\DBHelper.cs:行号 80
2017-11-23 14:39:22,687 [17] INFO  GXEBRebackSaveTool.Utils.DataDealHelper [(null)] - 数据库存储结束-False
2017-11-23 14:39:27,726 [12] INFO  GXEBRebackSaveTool.Utils.DataDealHelper [(null)] - 开始解析数据-199
2017-11-23 14:39:32,655 [17] ERROR GXEBRebackSaveTool.Utils.DBHelper [(null)] - 批量更新设备在线状态发生异常
System.IndexOutOfRangeException: 在位置 0 处没有任何行。
   在 System.Data.RBTree`1.GetNodeByIndex(Int32 userIndex)
   在 System.Data.DataRowCollection.get_Item(Int32 index)
   在 GXEBRebackSaveTool.Utils.DBHelper.UpdateSrvEquipmentStatusBatch(DataTable dt) 位置 d:\ProjectDoc\revision\GXEBRebackSaveTool\GXEBRebackSaveTool\GXEBRebackSaveTool\Utils\DBHelper.cs:行号 80
2017-11-23 14:39:32,718 [17] INFO  GXEBRebackSaveTool.Utils.DataDealHelper [(null)] - 数据库存储结束-False
2017-11-23 14:39:37,710 [12] INFO  GXEBRebackSaveTool.Utils.DataDealHelper [(null)] - 开始解析数据-199
2017-11-23 14:39:42,670 [17] ERROR GXEBRebackSaveTool.Utils.DBHelper [(null)] - 批量更新设备在线状态发生异常
System.IndexOutOfRangeException: 在位置 0 处没有任何行。
   在 System.Data.RBTree`1.GetNodeByIndex(Int32 userIndex)
   在 System.Data.DataRowCollection.get_Item(Int32 index)
   在 GXEBRebackSaveTool.Utils.DBHelper.UpdateSrvEquipmentStatusBatch(DataTable dt) 位置 d:\ProjectDoc\revision\GXEBRebackSaveTool\GXEBRebackSaveTool\GXEBRebackSaveTool\Utils\DBHelper.cs:行号 80
2017-11-23 14:39:42,702 [17] INFO  GXEBRebackSaveTool.Utils.DataDealHelper [(null)] - 数据库存储结束-False
2017-11-23 14:39:47,725 [12] INFO  GXEBRebackSaveTool.Utils.DataDealHelper [(null)] - 开始解析数据-199
2017-11-23 14:39:52,670 [17] ERROR GXEBRebackSaveTool.Utils.DBHelper [(null)] - 批量更新设备在线状态发生异常
System.IndexOutOfRangeException: 在位置 0 处没有任何行。
   在 System.Data.RBTree`1.GetNodeByIndex(Int32 userIndex)
   在 System.Data.DataRowCollection.get_Item(Int32 index)
   在 GXEBRebackSaveTool.Utils.DBHelper.UpdateSrvEquipmentStatusBatch(DataTable dt) 位置 d:\ProjectDoc\revision\GXEBRebackSaveTool\GXEBRebackSaveTool\GXEBRebackSaveTool\Utils\DBHelper.cs:行号 80
2017-11-23 14:39:52,717 [17] INFO  GXEBRebackSaveTool.Utils.DataDealHelper [(null)] - 数据库存储结束-False
2017-11-23 14:39:57,693 [12] INFO  GXEBRebackSaveTool.Utils.DataDealHelper [(null)] - 开始解析数据-199
2017-11-23 14:40:02,670 [20] ERROR GXEBRebackSaveTool.Utils.DBHelper [(null)] - 批量更新设备在线状态发生异常
System.IndexOutOfRangeException: 在位置 0 处没有任何行。
   在 System.Data.RBTree`1.GetNodeByIndex(Int32 userIndex)
   在 System.Data.DataRowCollection.get_Item(Int32 index)
   在 GXEBRebackSaveTool.Utils.DBHelper.UpdateSrvEquipmentStatusBatch(DataTable dt) 位置 d:\ProjectDoc\revision\GXEBRebackSaveTool\GXEBRebackSaveTool\GXEBRebackSaveTool\Utils\DBHelper.cs:行号 80
2017-11-23 14:40:02,701 [20] INFO  GXEBRebackSaveTool.Utils.DataDealHelper [(null)] - 数据库存储结束-False
2017-11-23 14:40:07,989 [12] INFO  GXEBRebackSaveTool.Utils.DataDealHelper [(null)] - 开始解析数据-199
2017-11-23 14:40:12,700 [20] ERROR GXEBRebackSaveTool.Utils.DBHelper [(null)] - 批量更新设备在线状态发生异常
System.IndexOutOfRangeException: 在位置 0 处没有任何行。
   在 System.Data.RBTree`1.GetNodeByIndex(Int32 userIndex)
   在 System.Data.DataRowCollection.get_Item(Int32 index)
   在 GXEBRebackSaveTool.Utils.DBHelper.UpdateSrvEquipmentStatusBatch(DataTable dt) 位置 d:\ProjectDoc\revision\GXEBRebackSaveTool\GXEBRebackSaveTool\GXEBRebackSaveTool\Utils\DBHelper.cs:行号 80
2017-11-23 14:40:12,747 [20] INFO  GXEBRebackSaveTool.Utils.DataDealHelper [(null)] - 数据库存储结束-False
2017-11-23 14:40:17,708 [12] INFO  GXEBRebackSaveTool.Utils.DataDealHelper [(null)] - 开始解析数据-199
2017-11-23 14:40:22,731 [17] ERROR GXEBRebackSaveTool.Utils.DBHelper [(null)] - 批量更新设备在线状态发生异常
System.IndexOutOfRangeException: 在位置 0 处没有任何行。
   在 System.Data.RBTree`1.GetNodeByIndex(Int32 userIndex)
   在 System.Data.DataRowCollection.get_Item(Int32 index)
   在 GXEBRebackSaveTool.Utils.DBHelper.UpdateSrvEquipmentStatusBatch(DataTable dt) 位置 d:\ProjectDoc\revision\GXEBRebackSaveTool\GXEBRebackSaveTool\GXEBRebackSaveTool\Utils\DBHelper.cs:行号 80
2017-11-23 14:40:22,762 [17] INFO  GXEBRebackSaveTool.Utils.DataDealHelper [(null)] - 数据库存储结束-False
2017-11-23 14:40:27,770 [12] INFO  GXEBRebackSaveTool.Utils.DataDealHelper [(null)] - 开始解析数据-199
2017-11-23 14:40:32,762 [20] ERROR GXEBRebackSaveTool.Utils.DBHelper [(null)] - 批量更新设备在线状态发生异常
System.IndexOutOfRangeException: 在位置 0 处没有任何行。
   在 System.Data.RBTree`1.GetNodeByIndex(Int32 userIndex)
   在 System.Data.DataRowCollection.get_Item(Int32 index)
   在 GXEBRebackSaveTool.Utils.DBHelper.UpdateSrvEquipmentStatusBatch(DataTable dt) 位置 d:\ProjectDoc\revision\GXEBRebackSaveTool\GXEBRebackSaveTool\GXEBRebackSaveTool\Utils\DBHelper.cs:行号 80
2017-11-23 14:40:32,793 [20] INFO  GXEBRebackSaveTool.Utils.DataDealHelper [(null)] - 数据库存储结束-False
2017-11-23 14:40:37,785 [12] INFO  GXEBRebackSaveTool.Utils.DataDealHelper [(null)] - 开始解析数据-199
2017-11-23 14:40:42,793 [20] ERROR GXEBRebackSaveTool.Utils.DBHelper [(null)] - 批量更新设备在线状态发生异常
System.IndexOutOfRangeException: 在位置 0 处没有任何行。
   在 System.Data.RBTree`1.GetNodeByIndex(Int32 userIndex)
   在 System.Data.DataRowCollection.get_Item(Int32 index)
   在 GXEBRebackSaveTool.Utils.DBHelper.UpdateSrvEquipmentStatusBatch(DataTable dt) 位置 d:\ProjectDoc\revision\GXEBRebackSaveTool\GXEBRebackSaveTool\GXEBRebackSaveTool\Utils\DBHelper.cs:行号 80
2017-11-23 14:40:42,840 [20] INFO  GXEBRebackSaveTool.Utils.DataDealHelper [(null)] - 数据库存储结束-False
2017-11-23 14:40:47,738 [12] INFO  GXEBRebackSaveTool.Utils.DataDealHelper [(null)] - 开始解析数据-199
2017-11-23 14:40:52,824 [17] ERROR GXEBRebackSaveTool.Utils.DBHelper [(null)] - 批量更新设备在线状态发生异常
System.IndexOutOfRangeException: 在位置 0 处没有任何行。
   在 System.Data.RBTree`1.GetNodeByIndex(Int32 userIndex)
   在 System.Data.DataRowCollection.get_Item(Int32 index)
   在 GXEBRebackSaveTool.Utils.DBHelper.UpdateSrvEquipmentStatusBatch(DataTable dt) 位置 d:\ProjectDoc\revision\GXEBRebackSaveTool\GXEBRebackSaveTool\GXEBRebackSaveTool\Utils\DBHelper.cs:行号 80
2017-11-23 14:40:52,855 [17] INFO  GXEBRebackSaveTool.Utils.DataDealHelper [(null)] - 数据库存储结束-False
2017-11-23 14:40:57,784 [12] INFO  GXEBRebackSaveTool.Utils.DataDealHelper [(null)] - 开始解析数据-199
2017-11-23 14:41:02,792 [17] ERROR GXEBRebackSaveTool.Utils.DBHelper [(null)] - 批量更新设备在线状态发生异常
System.IndexOutOfRangeException: 在位置 0 处没有任何行。
   在 System.Data.RBTree`1.GetNodeByIndex(Int32 userIndex)
   在 System.Data.DataRowCollection.get_Item(Int32 index)
   在 GXEBRebackSaveTool.Utils.DBHelper.UpdateSrvEquipmentStatusBatch(DataTable dt) 位置 d:\ProjectDoc\revision\GXEBRebackSaveTool\GXEBRebackSaveTool\GXEBRebackSaveTool\Utils\DBHelper.cs:行号 80
2017-11-23 14:41:02,823 [17] INFO  GXEBRebackSaveTool.Utils.DataDealHelper [(null)] - 数据库存储结束-False
2017-11-23 14:41:07,909 [12] INFO  GXEBRebackSaveTool.Utils.DataDealHelper [(null)] - 开始解析数据-199
2017-11-23 14:41:12,807 [17] ERROR GXEBRebackSaveTool.Utils.DBHelper [(null)] - 批量更新设备在线状态发生异常
System.IndexOutOfRangeException: 在位置 0 处没有任何行。
   在 System.Data.RBTree`1.GetNodeByIndex(Int32 userIndex)
   在 System.Data.DataRowCollection.get_Item(Int32 index)
   在 GXEBRebackSaveTool.Utils.DBHelper.UpdateSrvEquipmentStatusBatch(DataTable dt) 位置 d:\ProjectDoc\revision\GXEBRebackSaveTool\GXEBRebackSaveTool\GXEBRebackSaveTool\Utils\DBHelper.cs:行号 80
2017-11-23 14:41:12,838 [17] INFO  GXEBRebackSaveTool.Utils.DataDealHelper [(null)] - 数据库存储结束-False
2017-11-23 14:41:17,881 [12] INFO  GXEBRebackSaveTool.Utils.DataDealHelper [(null)] - 开始解析数据-199
2017-11-23 14:41:22,839 [17] ERROR GXEBRebackSaveTool.Utils.DBHelper [(null)] - 批量更新设备在线状态发生异常
System.IndexOutOfRangeException: 在位置 0 处没有任何行。
   在 System.Data.RBTree`1.GetNodeByIndex(Int32 userIndex)
   在 System.Data.DataRowCollection.get_Item(Int32 index)
   在 GXEBRebackSaveTool.Utils.DBHelper.UpdateSrvEquipmentStatusBatch(DataTable dt) 位置 d:\ProjectDoc\revision\GXEBRebackSaveTool\GXEBRebackSaveTool\GXEBRebackSaveTool\Utils\DBHelper.cs:行号 80
2017-11-23 14:41:22,913 [17] INFO  GXEBRebackSaveTool.Utils.DataDealHelper [(null)] - 数据库存储结束-False
2017-11-23 14:41:27,951 [12] INFO  GXEBRebackSaveTool.Utils.DataDealHelper [(null)] - 开始解析数据-199
2017-11-23 14:41:32,856 [17] ERROR GXEBRebackSaveTool.Utils.DBHelper [(null)] - 批量更新设备在线状态发生异常
System.IndexOutOfRangeException: 在位置 0 处没有任何行。
   在 System.Data.RBTree`1.GetNodeByIndex(Int32 userIndex)
   在 System.Data.DataRowCollection.get_Item(Int32 index)
   在 GXEBRebackSaveTool.Utils.DBHelper.UpdateSrvEquipmentStatusBatch(DataTable dt) 位置 d:\ProjectDoc\revision\GXEBRebackSaveTool\GXEBRebackSaveTool\GXEBRebackSaveTool\Utils\DBHelper.cs:行号 80
2017-11-23 14:41:32,903 [17] INFO  GXEBRebackSaveTool.Utils.DataDealHelper [(null)] - 数据库存储结束-False
2017-11-23 14:41:37,899 [12] INFO  GXEBRebackSaveTool.Utils.DataDealHelper [(null)] - 开始解析数据-199
2017-11-23 14:41:42,885 [17] ERROR GXEBRebackSaveTool.Utils.DBHelper [(null)] - 批量更新设备在线状态发生异常
System.IndexOutOfRangeException: 在位置 0 处没有任何行。
   在 System.Data.RBTree`1.GetNodeByIndex(Int32 userIndex)
   在 System.Data.DataRowCollection.get_Item(Int32 index)
   在 GXEBRebackSaveTool.Utils.DBHelper.UpdateSrvEquipmentStatusBatch(DataTable dt) 位置 d:\ProjectDoc\revision\GXEBRebackSaveTool\GXEBRebackSaveTool\GXEBRebackSaveTool\Utils\DBHelper.cs:行号 80
2017-11-23 14:41:42,929 [17] INFO  GXEBRebackSaveTool.Utils.DataDealHelper [(null)] - 数据库存储结束-False
2017-11-23 14:41:47,981 [12] INFO  GXEBRebackSaveTool.Utils.DataDealHelper [(null)] - 开始解析数据-199
2017-11-23 14:41:52,855 [17] ERROR GXEBRebackSaveTool.Utils.DBHelper [(null)] - 批量更新设备在线状态发生异常
System.IndexOutOfRangeException: 在位置 0 处没有任何行。
   在 System.Data.RBTree`1.GetNodeByIndex(Int32 userIndex)
   在 System.Data.DataRowCollection.get_Item(Int32 index)
   在 GXEBRebackSaveTool.Utils.DBHelper.UpdateSrvEquipmentStatusBatch(DataTable dt) 位置 d:\ProjectDoc\revision\GXEBRebackSaveTool\GXEBRebackSaveTool\GXEBRebackSaveTool\Utils\DBHelper.cs:行号 80
2017-11-23 14:41:52,949 [17] INFO  GXEBRebackSaveTool.Utils.DataDealHelper [(null)] - 数据库存储结束-False
2017-11-23 14:41:58,083 [12] INFO  GXEBRebackSaveTool.Utils.DataDealHelper [(null)] - 开始解析数据-199
2017-11-23 14:42:02,904 [17] ERROR GXEBRebackSaveTool.Utils.DBHelper [(null)] - 批量更新设备在线状态发生异常
System.IndexOutOfRangeException: 在位置 0 处没有任何行。
   在 System.Data.RBTree`1.GetNodeByIndex(Int32 userIndex)
   在 System.Data.DataRowCollection.get_Item(Int32 index)
   在 GXEBRebackSaveTool.Utils.DBHelper.UpdateSrvEquipmentStatusBatch(DataTable dt) 位置 d:\ProjectDoc\revision\GXEBRebackSaveTool\GXEBRebackSaveTool\GXEBRebackSaveTool\Utils\DBHelper.cs:行号 80
2017-11-23 14:42:02,935 [17] INFO  GXEBRebackSaveTool.Utils.DataDealHelper [(null)] - 数据库存储结束-False
2017-11-23 14:42:08,077 [12] INFO  GXEBRebackSaveTool.Utils.DataDealHelper [(null)] - 开始解析数据-199
2017-11-23 14:42:12,888 [3] ERROR GXEBRebackSaveTool.Utils.DBHelper [(null)] - 批量更新设备在线状态发生异常
System.IndexOutOfRangeException: 在位置 0 处没有任何行。
   在 System.Data.RBTree`1.GetNodeByIndex(Int32 userIndex)
   在 System.Data.DataRowCollection.get_Item(Int32 index)
   在 GXEBRebackSaveTool.Utils.DBHelper.UpdateSrvEquipmentStatusBatch(DataTable dt) 位置 d:\ProjectDoc\revision\GXEBRebackSaveTool\GXEBRebackSaveTool\GXEBRebackSaveTool\Utils\DBHelper.cs:行号 80
2017-11-23 14:42:12,906 [3] INFO  GXEBRebackSaveTool.Utils.DataDealHelper [(null)] - 数据库存储结束-False
2017-11-23 14:42:18,049 [12] INFO  GXEBRebackSaveTool.Utils.DataDealHelper [(null)] - 开始解析数据-199
2017-11-23 14:42:22,907 [3] ERROR GXEBRebackSaveTool.Utils.DBHelper [(null)] - 批量更新设备在线状态发生异常
System.IndexOutOfRangeException: 在位置 0 处没有任何行。
   在 System.Data.RBTree`1.GetNodeByIndex(Int32 userIndex)
   在 System.Data.DataRowCollection.get_Item(Int32 index)
   在 GXEBRebackSaveTool.Utils.DBHelper.UpdateSrvEquipmentStatusBatch(DataTable dt) 位置 d:\ProjectDoc\revision\GXEBRebackSaveTool\GXEBRebackSaveTool\GXEBRebackSaveTool\Utils\DBHelper.cs:行号 80
2017-11-23 14:42:22,936 [3] INFO  GXEBRebackSaveTool.Utils.DataDealHelper [(null)] - 数据库存储结束-False
2017-11-23 14:42:28,267 [12] INFO  GXEBRebackSaveTool.Utils.DataDealHelper [(null)] - 开始解析数据-199
2017-11-23 14:42:32,938 [20] ERROR GXEBRebackSaveTool.Utils.DBHelper [(null)] - 批量更新设备在线状态发生异常
System.IndexOutOfRangeException: 在位置 0 处没有任何行。
   在 System.Data.RBTree`1.GetNodeByIndex(Int32 userIndex)
   在 System.Data.DataRowCollection.get_Item(Int32 index)
   在 GXEBRebackSaveTool.Utils.DBHelper.UpdateSrvEquipmentStatusBatch(DataTable dt) 位置 d:\ProjectDoc\revision\GXEBRebackSaveTool\GXEBRebackSaveTool\GXEBRebackSaveTool\Utils\DBHelper.cs:行号 80
2017-11-23 14:42:32,985 [20] INFO  GXEBRebackSaveTool.Utils.DataDealHelper [(null)] - 数据库存储结束-False
2017-11-23 14:42:38,201 [12] INFO  GXEBRebackSaveTool.Utils.DataDealHelper [(null)] - 开始解析数据-199
2017-11-23 14:42:42,981 [3] ERROR GXEBRebackSaveTool.Utils.DBHelper [(null)] - 批量更新设备在线状态发生异常
System.IndexOutOfRangeException: 在位置 0 处没有任何行。
   在 System.Data.RBTree`1.GetNodeByIndex(Int32 userIndex)
   在 System.Data.DataRowCollection.get_Item(Int32 index)
   在 GXEBRebackSaveTool.Utils.DBHelper.UpdateSrvEquipmentStatusBatch(DataTable dt) 位置 d:\ProjectDoc\revision\GXEBRebackSaveTool\GXEBRebackSaveTool\GXEBRebackSaveTool\Utils\DBHelper.cs:行号 80
2017-11-23 14:42:43,045 [3] INFO  GXEBRebackSaveTool.Utils.DataDealHelper [(null)] - 数据库存储结束-False
2017-11-23 14:42:48,214 [12] INFO  GXEBRebackSaveTool.Utils.DataDealHelper [(null)] - 开始解析数据-199
2017-11-23 14:42:52,992 [3] ERROR GXEBRebackSaveTool.Utils.DBHelper [(null)] - 批量更新设备在线状态发生异常
System.IndexOutOfRangeException: 在位置 0 处没有任何行。
   在 System.Data.RBTree`1.GetNodeByIndex(Int32 userIndex)
   在 System.Data.DataRowCollection.get_Item(Int32 index)
   在 GXEBRebackSaveTool.Utils.DBHelper.UpdateSrvEquipmentStatusBatch(DataTable dt) 位置 d:\ProjectDoc\revision\GXEBRebackSaveTool\GXEBRebackSaveTool\GXEBRebackSaveTool\Utils\DBHelper.cs:行号 80
2017-11-23 14:42:53,038 [3] INFO  GXEBRebackSaveTool.Utils.DataDealHelper [(null)] - 数据库存储结束-False
2017-11-23 14:42:58,346 [12] INFO  GXEBRebackSaveTool.Utils.DataDealHelper [(null)] - 开始解析数据-199
2017-11-23 14:43:03,028 [20] ERROR GXEBRebackSaveTool.Utils.DBHelper [(null)] - 批量更新设备在线状态发生异常
System.IndexOutOfRangeException: 在位置 0 处没有任何行。
   在 System.Data.RBTree`1.GetNodeByIndex(Int32 userIndex)
   在 System.Data.DataRowCollection.get_Item(Int32 index)
   在 GXEBRebackSaveTool.Utils.DBHelper.UpdateSrvEquipmentStatusBatch(DataTable dt) 位置 d:\ProjectDoc\revision\GXEBRebackSaveTool\GXEBRebackSaveTool\GXEBRebackSaveTool\Utils\DBHelper.cs:行号 80
2017-11-23 14:43:03,059 [20] INFO  GXEBRebackSaveTool.Utils.DataDealHelper [(null)] - 数据库存储结束-False
2017-11-23 14:43:08,318 [12] INFO  GXEBRebackSaveTool.Utils.DataDealHelper [(null)] - 开始解析数据-199
2017-11-23 14:43:13,045 [3] ERROR GXEBRebackSaveTool.Utils.DBHelper [(null)] - 批量更新设备在线状态发生异常
System.IndexOutOfRangeException: 在位置 0 处没有任何行。
   在 System.Data.RBTree`1.GetNodeByIndex(Int32 userIndex)
   在 System.Data.DataRowCollection.get_Item(Int32 index)
   在 GXEBRebackSaveTool.Utils.DBHelper.UpdateSrvEquipmentStatusBatch(DataTable dt) 位置 d:\ProjectDoc\revision\GXEBRebackSaveTool\GXEBRebackSaveTool\GXEBRebackSaveTool\Utils\DBHelper.cs:行号 80
2017-11-23 14:43:13,092 [3] INFO  GXEBRebackSaveTool.Utils.DataDealHelper [(null)] - 数据库存储结束-False
2017-11-23 14:43:18,401 [12] INFO  GXEBRebackSaveTool.Utils.DataDealHelper [(null)] - 开始解析数据-199
2017-11-23 14:43:23,026 [22] ERROR GXEBRebackSaveTool.Utils.DBHelper [(null)] - 批量更新设备在线状态发生异常
System.IndexOutOfRangeException: 在位置 0 处没有任何行。
   在 System.Data.RBTree`1.GetNodeByIndex(Int32 userIndex)
   在 System.Data.DataRowCollection.get_Item(Int32 index)
   在 GXEBRebackSaveTool.Utils.DBHelper.UpdateSrvEquipmentStatusBatch(DataTable dt) 位置 d:\ProjectDoc\revision\GXEBRebackSaveTool\GXEBRebackSaveTool\GXEBRebackSaveTool\Utils\DBHelper.cs:行号 80
2017-11-23 14:43:23,056 [22] INFO  GXEBRebackSaveTool.Utils.DataDealHelper [(null)] - 数据库存储结束-False
2017-11-23 14:43:28,364 [12] INFO  GXEBRebackSaveTool.Utils.DataDealHelper [(null)] - 开始解析数据-199
2017-11-23 14:43:33,050 [22] ERROR GXEBRebackSaveTool.Utils.DBHelper [(null)] - 批量更新设备在线状态发生异常
System.IndexOutOfRangeException: 在位置 0 处没有任何行。
   在 System.Data.RBTree`1.GetNodeByIndex(Int32 userIndex)
   在 System.Data.DataRowCollection.get_Item(Int32 index)
   在 GXEBRebackSaveTool.Utils.DBHelper.UpdateSrvEquipmentStatusBatch(DataTable dt) 位置 d:\ProjectDoc\revision\GXEBRebackSaveTool\GXEBRebackSaveTool\GXEBRebackSaveTool\Utils\DBHelper.cs:行号 80
2017-11-23 14:43:33,066 [22] INFO  GXEBRebackSaveTool.Utils.DataDealHelper [(null)] - 数据库存储结束-False
2017-11-23 14:43:38,448 [12] INFO  GXEBRebackSaveTool.Utils.DataDealHelper [(null)] - 开始解析数据-199
2017-11-23 14:43:43,088 [22] ERROR GXEBRebackSaveTool.Utils.DBHelper [(null)] - 批量更新设备在线状态发生异常
System.IndexOutOfRangeException: 在位置 0 处没有任何行。
   在 System.Data.RBTree`1.GetNodeByIndex(Int32 userIndex)
   在 System.Data.DataRowCollection.get_Item(Int32 index)
   在 GXEBRebackSaveTool.Utils.DBHelper.UpdateSrvEquipmentStatusBatch(DataTable dt) 位置 d:\ProjectDoc\revision\GXEBRebackSaveTool\GXEBRebackSaveTool\GXEBRebackSaveTool\Utils\DBHelper.cs:行号 80
2017-11-23 14:43:43,119 [22] INFO  GXEBRebackSaveTool.Utils.DataDealHelper [(null)] - 数据库存储结束-False
2017-11-23 14:43:48,421 [12] INFO  GXEBRebackSaveTool.Utils.DataDealHelper [(null)] - 开始解析数据-199
2017-11-23 14:43:53,096 [22] ERROR GXEBRebackSaveTool.Utils.DBHelper [(null)] - 批量更新设备在线状态发生异常
System.IndexOutOfRangeException: 在位置 0 处没有任何行。
   在 System.Data.RBTree`1.GetNodeByIndex(Int32 userIndex)
   在 System.Data.DataRowCollection.get_Item(Int32 index)
   在 GXEBRebackSaveTool.Utils.DBHelper.UpdateSrvEquipmentStatusBatch(DataTable dt) 位置 d:\ProjectDoc\revision\GXEBRebackSaveTool\GXEBRebackSaveTool\GXEBRebackSaveTool\Utils\DBHelper.cs:行号 80
2017-11-23 14:43:53,127 [22] INFO  GXEBRebackSaveTool.Utils.DataDealHelper [(null)] - 数据库存储结束-False
2017-11-23 14:43:58,579 [12] INFO  GXEBRebackSaveTool.Utils.DataDealHelper [(null)] - 开始解析数据-199
2017-11-23 14:44:03,124 [20] ERROR GXEBRebackSaveTool.Utils.DBHelper [(null)] - 批量更新设备在线状态发生异常
System.IndexOutOfRangeException: 在位置 0 处没有任何行。
   在 System.Data.RBTree`1.GetNodeByIndex(Int32 userIndex)
   在 System.Data.DataRowCollection.get_Item(Int32 index)
   在 GXEBRebackSaveTool.Utils.DBHelper.UpdateSrvEquipmentStatusBatch(DataTable dt) 位置 d:\ProjectDoc\revision\GXEBRebackSaveTool\GXEBRebackSaveTool\GXEBRebackSaveTool\Utils\DBHelper.cs:行号 80
2017-11-23 14:44:03,155 [20] INFO  GXEBRebackSaveTool.Utils.DataDealHelper [(null)] - 数据库存储结束-False
2017-11-23 14:44:08,508 [12] INFO  GXEBRebackSaveTool.Utils.DataDealHelper [(null)] - 开始解析数据-199
2017-11-23 14:44:13,152 [22] ERROR GXEBRebackSaveTool.Utils.DBHelper [(null)] - 批量更新设备在线状态发生异常
System.IndexOutOfRangeException: 在位置 0 处没有任何行。
   在 System.Data.RBTree`1.GetNodeByIndex(Int32 userIndex)
   在 System.Data.DataRowCollection.get_Item(Int32 index)
   在 GXEBRebackSaveTool.Utils.DBHelper.UpdateSrvEquipmentStatusBatch(DataTable dt) 位置 d:\ProjectDoc\revision\GXEBRebackSaveTool\GXEBRebackSaveTool\GXEBRebackSaveTool\Utils\DBHelper.cs:行号 80
2017-11-23 14:44:13,183 [22] INFO  GXEBRebackSaveTool.Utils.DataDealHelper [(null)] - 数据库存储结束-False
2017-11-23 14:44:18,603 [12] INFO  GXEBRebackSaveTool.Utils.DataDealHelper [(null)] - 开始解析数据-199
2017-11-23 14:44:23,174 [22] ERROR GXEBRebackSaveTool.Utils.DBHelper [(null)] - 批量更新设备在线状态发生异常
System.IndexOutOfRangeException: 在位置 0 处没有任何行。
   在 System.Data.RBTree`1.GetNodeByIndex(Int32 userIndex)
   在 System.Data.DataRowCollection.get_Item(Int32 index)
   在 GXEBRebackSaveTool.Utils.DBHelper.UpdateSrvEquipmentStatusBatch(DataTable dt) 位置 d:\ProjectDoc\revision\GXEBRebackSaveTool\GXEBRebackSaveTool\GXEBRebackSaveTool\Utils\DBHelper.cs:行号 80
2017-11-23 14:44:23,205 [22] INFO  GXEBRebackSaveTool.Utils.DataDealHelper [(null)] - 数据库存储结束-False
2017-11-23 14:44:28,684 [12] INFO  GXEBRebackSaveTool.Utils.DataDealHelper [(null)] - 开始解析数据-199
2017-11-23 14:44:33,204 [22] ERROR GXEBRebackSaveTool.Utils.DBHelper [(null)] - 批量更新设备在线状态发生异常
System.IndexOutOfRangeException: 在位置 0 处没有任何行。
   在 System.Data.RBTree`1.GetNodeByIndex(Int32 userIndex)
   在 System.Data.DataRowCollection.get_Item(Int32 index)
   在 GXEBRebackSaveTool.Utils.DBHelper.UpdateSrvEquipmentStatusBatch(DataTable dt) 位置 d:\ProjectDoc\revision\GXEBRebackSaveTool\GXEBRebackSaveTool\GXEBRebackSaveTool\Utils\DBHelper.cs:行号 80
2017-11-23 14:44:33,266 [22] INFO  GXEBRebackSaveTool.Utils.DataDealHelper [(null)] - 数据库存储结束-False
2017-11-23 14:44:38,611 [12] INFO  GXEBRebackSaveTool.Utils.DataDealHelper [(null)] - 开始解析数据-199
2017-11-23 14:44:43,215 [22] ERROR GXEBRebackSaveTool.Utils.DBHelper [(null)] - 批量更新设备在线状态发生异常
System.IndexOutOfRangeException: 在位置 0 处没有任何行。
   在 System.Data.RBTree`1.GetNodeByIndex(Int32 userIndex)
   在 System.Data.DataRowCollection.get_Item(Int32 index)
   在 GXEBRebackSaveTool.Utils.DBHelper.UpdateSrvEquipmentStatusBatch(DataTable dt) 位置 d:\ProjectDoc\revision\GXEBRebackSaveTool\GXEBRebackSaveTool\GXEBRebackSaveTool\Utils\DBHelper.cs:行号 80
2017-11-23 14:44:43,231 [22] INFO  GXEBRebackSaveTool.Utils.DataDealHelper [(null)] - 数据库存储结束-False
2017-11-23 14:44:48,711 [12] INFO  GXEBRebackSaveTool.Utils.DataDealHelper [(null)] - 开始解析数据-199
2017-11-23 14:44:53,248 [20] ERROR GXEBRebackSaveTool.Utils.DBHelper [(null)] - 批量更新设备在线状态发生异常
System.IndexOutOfRangeException: 在位置 0 处没有任何行。
   在 System.Data.RBTree`1.GetNodeByIndex(Int32 userIndex)
   在 System.Data.DataRowCollection.get_Item(Int32 index)
   在 GXEBRebackSaveTool.Utils.DBHelper.UpdateSrvEquipmentStatusBatch(DataTable dt) 位置 d:\ProjectDoc\revision\GXEBRebackSaveTool\GXEBRebackSaveTool\GXEBRebackSaveTool\Utils\DBHelper.cs:行号 80
2017-11-23 14:44:53,295 [20] INFO  GXEBRebackSaveTool.Utils.DataDealHelper [(null)] - 数据库存储结束-False
2017-11-23 14:44:58,769 [12] INFO  GXEBRebackSaveTool.Utils.DataDealHelper [(null)] - 开始解析数据-199
2017-11-23 14:45:03,244 [22] ERROR GXEBRebackSaveTool.Utils.DBHelper [(null)] - 批量更新设备在线状态发生异常
System.IndexOutOfRangeException: 在位置 0 处没有任何行。
   在 System.Data.RBTree`1.GetNodeByIndex(Int32 userIndex)
   在 System.Data.DataRowCollection.get_Item(Int32 index)
   在 GXEBRebackSaveTool.Utils.DBHelper.UpdateSrvEquipmentStatusBatch(DataTable dt) 位置 d:\ProjectDoc\revision\GXEBRebackSaveTool\GXEBRebackSaveTool\GXEBRebackSaveTool\Utils\DBHelper.cs:行号 80
2017-11-23 14:45:03,276 [22] INFO  GXEBRebackSaveTool.Utils.DataDealHelper [(null)] - 数据库存储结束-False
2017-11-23 14:45:08,730 [12] INFO  GXEBRebackSaveTool.Utils.DataDealHelper [(null)] - 开始解析数据-199
2017-11-23 14:45:13,266 [22] ERROR GXEBRebackSaveTool.Utils.DBHelper [(null)] - 批量更新设备在线状态发生异常
System.IndexOutOfRangeException: 在位置 0 处没有任何行。
   在 System.Data.RBTree`1.GetNodeByIndex(Int32 userIndex)
   在 System.Data.DataRowCollection.get_Item(Int32 index)
   在 GXEBRebackSaveTool.Utils.DBHelper.UpdateSrvEquipmentStatusBatch(DataTable dt) 位置 d:\ProjectDoc\revision\GXEBRebackSaveTool\GXEBRebackSaveTool\GXEBRebackSaveTool\Utils\DBHelper.cs:行号 80
2017-11-23 14:45:13,344 [22] INFO  GXEBRebackSaveTool.Utils.DataDealHelper [(null)] - 数据库存储结束-False
2017-11-23 14:45:18,822 [12] INFO  GXEBRebackSaveTool.Utils.DataDealHelper [(null)] - 开始解析数据-199
2017-11-23 14:45:23,274 [22] ERROR GXEBRebackSaveTool.Utils.DBHelper [(null)] - 批量更新设备在线状态发生异常
System.IndexOutOfRangeException: 在位置 0 处没有任何行。
   在 System.Data.RBTree`1.GetNodeByIndex(Int32 userIndex)
   在 System.Data.DataRowCollection.get_Item(Int32 index)
   在 GXEBRebackSaveTool.Utils.DBHelper.UpdateSrvEquipmentStatusBatch(DataTable dt) 位置 d:\ProjectDoc\revision\GXEBRebackSaveTool\GXEBRebackSaveTool\GXEBRebackSaveTool\Utils\DBHelper.cs:行号 80
2017-11-23 14:45:23,303 [22] INFO  GXEBRebackSaveTool.Utils.DataDealHelper [(null)] - 数据库存储结束-False
2017-11-23 14:45:28,798 [12] INFO  GXEBRebackSaveTool.Utils.DataDealHelper [(null)] - 开始解析数据-199
2017-11-23 14:45:33,315 [22] ERROR GXEBRebackSaveTool.Utils.DBHelper [(null)] - 批量更新设备在线状态发生异常
System.IndexOutOfRangeException: 在位置 0 处没有任何行。
   在 System.Data.RBTree`1.GetNodeByIndex(Int32 userIndex)
   在 System.Data.DataRowCollection.get_Item(Int32 index)
   在 GXEBRebackSaveTool.Utils.DBHelper.UpdateSrvEquipmentStatusBatch(DataTable dt) 位置 d:\ProjectDoc\revision\GXEBRebackSaveTool\GXEBRebackSaveTool\GXEBRebackSaveTool\Utils\DBHelper.cs:行号 80
2017-11-23 14:45:33,346 [22] INFO  GXEBRebackSaveTool.Utils.DataDealHelper [(null)] - 数据库存储结束-False
2017-11-23 14:45:38,869 [12] INFO  GXEBRebackSaveTool.Utils.DataDealHelper [(null)] - 开始解析数据-199
2017-11-23 14:45:43,333 [22] ERROR GXEBRebackSaveTool.Utils.DBHelper [(null)] - 批量更新设备在线状态发生异常
System.IndexOutOfRangeException: 在位置 0 处没有任何行。
   在 System.Data.RBTree`1.GetNodeByIndex(Int32 userIndex)
   在 System.Data.DataRowCollection.get_Item(Int32 index)
   在 GXEBRebackSaveTool.Utils.DBHelper.UpdateSrvEquipmentStatusBatch(DataTable dt) 位置 d:\ProjectDoc\revision\GXEBRebackSaveTool\GXEBRebackSaveTool\GXEBRebackSaveTool\Utils\DBHelper.cs:行号 80
2017-11-23 14:45:43,364 [22] INFO  GXEBRebackSaveTool.Utils.DataDealHelper [(null)] - 数据库存储结束-False
2017-11-23 14:45:48,891 [12] INFO  GXEBRebackSaveTool.Utils.DataDealHelper [(null)] - 开始解析数据-199
2017-11-23 14:45:53,357 [22] ERROR GXEBRebackSaveTool.Utils.DBHelper [(null)] - 批量更新设备在线状态发生异常
System.IndexOutOfRangeException: 在位置 0 处没有任何行。
   在 System.Data.RBTree`1.GetNodeByIndex(Int32 userIndex)
   在 System.Data.DataRowCollection.get_Item(Int32 index)
   在 GXEBRebackSaveTool.Utils.DBHelper.UpdateSrvEquipmentStatusBatch(DataTable dt) 位置 d:\ProjectDoc\revision\GXEBRebackSaveTool\GXEBRebackSaveTool\GXEBRebackSaveTool\Utils\DBHelper.cs:行号 80
2017-11-23 14:45:53,372 [22] INFO  GXEBRebackSaveTool.Utils.DataDealHelper [(null)] - 数据库存储结束-False
2017-11-23 14:45:59,000 [12] INFO  GXEBRebackSaveTool.Utils.DataDealHelper [(null)] - 开始解析数据-199
2017-11-23 14:46:03,402 [22] ERROR GXEBRebackSaveTool.Utils.DBHelper [(null)] - 批量更新设备在线状态发生异常
System.IndexOutOfRangeException: 在位置 0 处没有任何行。
   在 System.Data.RBTree`1.GetNodeByIndex(Int32 userIndex)
   在 System.Data.DataRowCollection.get_Item(Int32 index)
   在 GXEBRebackSaveTool.Utils.DBHelper.UpdateSrvEquipmentStatusBatch(DataTable dt) 位置 d:\ProjectDoc\revision\GXEBRebackSaveTool\GXEBRebackSaveTool\GXEBRebackSaveTool\Utils\DBHelper.cs:行号 80
2017-11-23 14:46:03,467 [22] INFO  GXEBRebackSaveTool.Utils.DataDealHelper [(null)] - 数据库存储结束-False
2017-11-23 14:46:09,076 [12] INFO  GXEBRebackSaveTool.Utils.DataDealHelper [(null)] - 开始解析数据-199
2017-11-23 14:46:13,449 [22] ERROR GXEBRebackSaveTool.Utils.DBHelper [(null)] - 批量更新设备在线状态发生异常
System.IndexOutOfRangeException: 在位置 0 处没有任何行。
   在 System.Data.RBTree`1.GetNodeByIndex(Int32 userIndex)
   在 System.Data.DataRowCollection.get_Item(Int32 index)
   在 GXEBRebackSaveTool.Utils.DBHelper.UpdateSrvEquipmentStatusBatch(DataTable dt) 位置 d:\ProjectDoc\revision\GXEBRebackSaveTool\GXEBRebackSaveTool\GXEBRebackSaveTool\Utils\DBHelper.cs:行号 80
2017-11-23 14:46:13,497 [22] INFO  GXEBRebackSaveTool.Utils.DataDealHelper [(null)] - 数据库存储结束-False
2017-11-23 14:46:19,043 [12] INFO  GXEBRebackSaveTool.Utils.DataDealHelper [(null)] - 开始解析数据-199
2017-11-23 14:46:23,441 [22] ERROR GXEBRebackSaveTool.Utils.DBHelper [(null)] - 批量更新设备在线状态发生异常
System.IndexOutOfRangeException: 在位置 0 处没有任何行。
   在 System.Data.RBTree`1.GetNodeByIndex(Int32 userIndex)
   在 System.Data.DataRowCollection.get_Item(Int32 index)
   在 GXEBRebackSaveTool.Utils.DBHelper.UpdateSrvEquipmentStatusBatch(DataTable dt) 位置 d:\ProjectDoc\revision\GXEBRebackSaveTool\GXEBRebackSaveTool\GXEBRebackSaveTool\Utils\DBHelper.cs:行号 80
2017-11-23 14:46:23,457 [22] INFO  GXEBRebackSaveTool.Utils.DataDealHelper [(null)] - 数据库存储结束-False
2017-11-23 14:46:29,124 [12] INFO  GXEBRebackSaveTool.Utils.DataDealHelper [(null)] - 开始解析数据-199
2017-11-23 14:46:33,467 [22] ERROR GXEBRebackSaveTool.Utils.DBHelper [(null)] - 批量更新设备在线状态发生异常
System.IndexOutOfRangeException: 在位置 0 处没有任何行。
   在 System.Data.RBTree`1.GetNodeByIndex(Int32 userIndex)
   在 System.Data.DataRowCollection.get_Item(Int32 index)
   在 GXEBRebackSaveTool.Utils.DBHelper.UpdateSrvEquipmentStatusBatch(DataTable dt) 位置 d:\ProjectDoc\revision\GXEBRebackSaveTool\GXEBRebackSaveTool\GXEBRebackSaveTool\Utils\DBHelper.cs:行号 80
2017-11-23 14:46:33,530 [22] INFO  GXEBRebackSaveTool.Utils.DataDealHelper [(null)] - 数据库存储结束-False
2017-11-23 14:46:39,006 [12] INFO  GXEBRebackSaveTool.Utils.DataDealHelper [(null)] - 开始解析数据-199
2017-11-23 14:46:43,480 [20] ERROR GXEBRebackSaveTool.Utils.DBHelper [(null)] - 批量更新设备在线状态发生异常
System.IndexOutOfRangeException: 在位置 0 处没有任何行。
   在 System.Data.RBTree`1.GetNodeByIndex(Int32 userIndex)
   在 System.Data.DataRowCollection.get_Item(Int32 index)
   在 GXEBRebackSaveTool.Utils.DBHelper.UpdateSrvEquipmentStatusBatch(DataTable dt) 位置 d:\ProjectDoc\revision\GXEBRebackSaveTool\GXEBRebackSaveTool\GXEBRebackSaveTool\Utils\DBHelper.cs:行号 80
2017-11-23 14:46:43,542 [20] INFO  GXEBRebackSaveTool.Utils.DataDealHelper [(null)] - 数据库存储结束-False
2017-11-23 14:46:49,107 [12] INFO  GXEBRebackSaveTool.Utils.DataDealHelper [(null)] - 开始解析数据-199
2017-11-23 14:46:53,516 [22] ERROR GXEBRebackSaveTool.Utils.DBHelper [(null)] - 批量更新设备在线状态发生异常
System.IndexOutOfRangeException: 在位置 0 处没有任何行。
   在 System.Data.RBTree`1.GetNodeByIndex(Int32 userIndex)
   在 System.Data.DataRowCollection.get_Item(Int32 index)
   在 GXEBRebackSaveTool.Utils.DBHelper.UpdateSrvEquipmentStatusBatch(DataTable dt) 位置 d:\ProjectDoc\revision\GXEBRebackSaveTool\GXEBRebackSaveTool\GXEBRebackSaveTool\Utils\DBHelper.cs:行号 80
2017-11-23 14:46:53,596 [22] INFO  GXEBRebackSaveTool.Utils.DataDealHelper [(null)] - 数据库存储结束-False
2017-11-23 14:46:59,118 [12] INFO  GXEBRebackSaveTool.Utils.DataDealHelper [(null)] - 开始解析数据-199
2017-11-23 14:47:03,524 [23] ERROR GXEBRebackSaveTool.Utils.DBHelper [(null)] - 批量更新设备在线状态发生异常
System.IndexOutOfRangeException: 在位置 0 处没有任何行。
   在 System.Data.RBTree`1.GetNodeByIndex(Int32 userIndex)
   在 System.Data.DataRowCollection.get_Item(Int32 index)
   在 GXEBRebackSaveTool.Utils.DBHelper.UpdateSrvEquipmentStatusBatch(DataTable dt) 位置 d:\ProjectDoc\revision\GXEBRebackSaveTool\GXEBRebackSaveTool\GXEBRebackSaveTool\Utils\DBHelper.cs:行号 80
2017-11-23 14:47:03,539 [23] INFO  GXEBRebackSaveTool.Utils.DataDealHelper [(null)] - 数据库存储结束-False
2017-11-23 14:47:09,225 [12] INFO  GXEBRebackSaveTool.Utils.DataDealHelper [(null)] - 开始解析数据-199
2017-11-23 14:47:13,540 [22] ERROR GXEBRebackSaveTool.Utils.DBHelper [(null)] - 批量更新设备在线状态发生异常
System.IndexOutOfRangeException: 在位置 0 处没有任何行。
   在 System.Data.RBTree`1.GetNodeByIndex(Int32 userIndex)
   在 System.Data.DataRowCollection.get_Item(Int32 index)
   在 GXEBRebackSaveTool.Utils.DBHelper.UpdateSrvEquipmentStatusBatch(DataTable dt) 位置 d:\ProjectDoc\revision\GXEBRebackSaveTool\GXEBRebackSaveTool\GXEBRebackSaveTool\Utils\DBHelper.cs:行号 80
2017-11-23 14:47:13,571 [22] INFO  GXEBRebackSaveTool.Utils.DataDealHelper [(null)] - 数据库存储结束-False
2017-11-23 14:47:19,265 [12] INFO  GXEBRebackSaveTool.Utils.DataDealHelper [(null)] - 开始解析数据-199
2017-11-23 14:47:23,571 [22] ERROR GXEBRebackSaveTool.Utils.DBHelper [(null)] - 批量更新设备在线状态发生异常
System.IndexOutOfRangeException: 在位置 0 处没有任何行。
   在 System.Data.RBTree`1.GetNodeByIndex(Int32 userIndex)
   在 System.Data.DataRowCollection.get_Item(Int32 index)
   在 GXEBRebackSaveTool.Utils.DBHelper.UpdateSrvEquipmentStatusBatch(DataTable dt) 位置 d:\ProjectDoc\revision\GXEBRebackSaveTool\GXEBRebackSaveTool\GXEBRebackSaveTool\Utils\DBHelper.cs:行号 80
2017-11-23 14:47:23,585 [22] INFO  GXEBRebackSaveTool.Utils.DataDealHelper [(null)] - 数据库存储结束-False
2017-11-23 14:47:29,224 [12] INFO  GXEBRebackSaveTool.Utils.DataDealHelper [(null)] - 开始解析数据-199
2017-11-23 14:47:33,552 [23] ERROR GXEBRebackSaveTool.Utils.DBHelper [(null)] - 批量更新设备在线状态发生异常
System.IndexOutOfRangeException: 在位置 0 处没有任何行。
   在 System.Data.RBTree`1.GetNodeByIndex(Int32 userIndex)
   在 System.Data.DataRowCollection.get_Item(Int32 index)
   在 GXEBRebackSaveTool.Utils.DBHelper.UpdateSrvEquipmentStatusBatch(DataTable dt) 位置 d:\ProjectDoc\revision\GXEBRebackSaveTool\GXEBRebackSaveTool\GXEBRebackSaveTool\Utils\DBHelper.cs:行号 80
2017-11-23 14:47:33,601 [23] INFO  GXEBRebackSaveTool.Utils.DataDealHelper [(null)] - 数据库存储结束-False
2017-11-23 14:47:39,390 [12] INFO  GXEBRebackSaveTool.Utils.DataDealHelper [(null)] - 开始解析数据-199
2017-11-23 14:47:43,591 [22] ERROR GXEBRebackSaveTool.Utils.DBHelper [(null)] - 批量更新设备在线状态发生异常
System.IndexOutOfRangeException: 在位置 0 处没有任何行。
   在 System.Data.RBTree`1.GetNodeByIndex(Int32 userIndex)
   在 System.Data.DataRowCollection.get_Item(Int32 index)
   在 GXEBRebackSaveTool.Utils.DBHelper.UpdateSrvEquipmentStatusBatch(DataTable dt) 位置 d:\ProjectDoc\revision\GXEBRebackSaveTool\GXEBRebackSaveTool\GXEBRebackSaveTool\Utils\DBHelper.cs:行号 80
2017-11-23 14:47:43,606 [22] INFO  GXEBRebackSaveTool.Utils.DataDealHelper [(null)] - 数据库存储结束-False
2017-11-23 14:47:49,384 [12] INFO  GXEBRebackSaveTool.Utils.DataDealHelper [(null)] - 开始解析数据-199
2017-11-23 14:47:53,588 [22] ERROR GXEBRebackSaveTool.Utils.DBHelper [(null)] - 批量更新设备在线状态发生异常
System.IndexOutOfRangeException: 在位置 0 处没有任何行。
   在 System.Data.RBTree`1.GetNodeByIndex(Int32 userIndex)
   在 System.Data.DataRowCollection.get_Item(Int32 index)
   在 GXEBRebackSaveTool.Utils.DBHelper.UpdateSrvEquipmentStatusBatch(DataTable dt) 位置 d:\ProjectDoc\revision\GXEBRebackSaveTool\GXEBRebackSaveTool\GXEBRebackSaveTool\Utils\DBHelper.cs:行号 80
2017-11-23 14:47:53,639 [22] INFO  GXEBRebackSaveTool.Utils.DataDealHelper [(null)] - 数据库存储结束-False
2017-11-23 14:47:59,359 [12] INFO  GXEBRebackSaveTool.Utils.DataDealHelper [(null)] - 开始解析数据-199
2017-11-23 14:48:03,658 [23] ERROR GXEBRebackSaveTool.Utils.DBHelper [(null)] - 批量更新设备在线状态发生异常
System.IndexOutOfRangeException: 在位置 0 处没有任何行。
   在 System.Data.RBTree`1.GetNodeByIndex(Int32 userIndex)
   在 System.Data.DataRowCollection.get_Item(Int32 index)
   在 GXEBRebackSaveTool.Utils.DBHelper.UpdateSrvEquipmentStatusBatch(DataTable dt) 位置 d:\ProjectDoc\revision\GXEBRebackSaveTool\GXEBRebackSaveTool\GXEBRebackSaveTool\Utils\DBHelper.cs:行号 80
2017-11-23 14:48:03,783 [23] INFO  GXEBRebackSaveTool.Utils.DataDealHelper [(null)] - 数据库存储结束-False
2017-11-23 14:48:09,437 [12] INFO  GXEBRebackSaveTool.Utils.DataDealHelper [(null)] - 开始解析数据-199
2017-11-23 14:48:13,703 [22] ERROR GXEBRebackSaveTool.Utils.DBHelper [(null)] - 批量更新设备在线状态发生异常
System.IndexOutOfRangeException: 在位置 0 处没有任何行。
   在 System.Data.RBTree`1.GetNodeByIndex(Int32 userIndex)
   在 System.Data.DataRowCollection.get_Item(Int32 index)
   在 GXEBRebackSaveTool.Utils.DBHelper.UpdateSrvEquipmentStatusBatch(DataTable dt) 位置 d:\ProjectDoc\revision\GXEBRebackSaveTool\GXEBRebackSaveTool\GXEBRebackSaveTool\Utils\DBHelper.cs:行号 80
2017-11-23 14:48:13,734 [22] INFO  GXEBRebackSaveTool.Utils.DataDealHelper [(null)] - 数据库存储结束-False
2017-11-23 14:48:19,433 [12] INFO  GXEBRebackSaveTool.Utils.DataDealHelper [(null)] - 开始解析数据-199
2017-11-23 14:48:23,703 [22] ERROR GXEBRebackSaveTool.Utils.DBHelper [(null)] - 批量更新设备在线状态发生异常
System.IndexOutOfRangeException: 在位置 0 处没有任何行。
   在 System.Data.RBTree`1.GetNodeByIndex(Int32 userIndex)
   在 System.Data.DataRowCollection.get_Item(Int32 index)
   在 GXEBRebackSaveTool.Utils.DBHelper.UpdateSrvEquipmentStatusBatch(DataTable dt) 位置 d:\ProjectDoc\revision\GXEBRebackSaveTool\GXEBRebackSaveTool\GXEBRebackSaveTool\Utils\DBHelper.cs:行号 80
2017-11-23 14:48:23,719 [22] INFO  GXEBRebackSaveTool.Utils.DataDealHelper [(null)] - 数据库存储结束-False
2017-11-23 14:48:29,530 [12] INFO  GXEBRebackSaveTool.Utils.DataDealHelper [(null)] - 开始解析数据-199
2017-11-23 14:48:33,719 [22] ERROR GXEBRebackSaveTool.Utils.DBHelper [(null)] - 批量更新设备在线状态发生异常
System.IndexOutOfRangeException: 在位置 0 处没有任何行。
   在 System.Data.RBTree`1.GetNodeByIndex(Int32 userIndex)
   在 System.Data.DataRowCollection.get_Item(Int32 index)
   在 GXEBRebackSaveTool.Utils.DBHelper.UpdateSrvEquipmentStatusBatch(DataTable dt) 位置 d:\ProjectDoc\revision\GXEBRebackSaveTool\GXEBRebackSaveTool\GXEBRebackSaveTool\Utils\DBHelper.cs:行号 80
2017-11-23 14:48:33,765 [22] INFO  GXEBRebackSaveTool.Utils.DataDealHelper [(null)] - 数据库存储结束-False
2017-11-23 14:48:39,469 [12] INFO  GXEBRebackSaveTool.Utils.DataDealHelper [(null)] - 开始解析数据-199
2017-11-23 14:48:43,719 [22] ERROR GXEBRebackSaveTool.Utils.DBHelper [(null)] - 批量更新设备在线状态发生异常
System.IndexOutOfRangeException: 在位置 0 处没有任何行。
   在 System.Data.RBTree`1.GetNodeByIndex(Int32 userIndex)
   在 System.Data.DataRowCollection.get_Item(Int32 index)
   在 GXEBRebackSaveTool.Utils.DBHelper.UpdateSrvEquipmentStatusBatch(DataTable dt) 位置 d:\ProjectDoc\revision\GXEBRebackSaveTool\GXEBRebackSaveTool\GXEBRebackSaveTool\Utils\DBHelper.cs:行号 80
2017-11-23 14:48:43,766 [22] INFO  GXEBRebackSaveTool.Utils.DataDealHelper [(null)] - 数据库存储结束-False
2017-11-23 14:48:49,482 [12] INFO  GXEBRebackSaveTool.Utils.DataDealHelper [(null)] - 开始解析数据-199
2017-11-23 14:48:53,762 [23] ERROR GXEBRebackSaveTool.Utils.DBHelper [(null)] - 批量更新设备在线状态发生异常
System.IndexOutOfRangeException: 在位置 0 处没有任何行。
   在 System.Data.RBTree`1.GetNodeByIndex(Int32 userIndex)
   在 System.Data.DataRowCollection.get_Item(Int32 index)
   在 GXEBRebackSaveTool.Utils.DBHelper.UpdateSrvEquipmentStatusBatch(DataTable dt) 位置 d:\ProjectDoc\revision\GXEBRebackSaveTool\GXEBRebackSaveTool\GXEBRebackSaveTool\Utils\DBHelper.cs:行号 80
2017-11-23 14:48:53,794 [23] INFO  GXEBRebackSaveTool.Utils.DataDealHelper [(null)] - 数据库存储结束-False
2017-11-23 14:48:59,702 [12] INFO  GXEBRebackSaveTool.Utils.DataDealHelper [(null)] - 开始解析数据-199
2017-11-23 14:49:03,794 [23] ERROR GXEBRebackSaveTool.Utils.DBHelper [(null)] - 批量更新设备在线状态发生异常
System.IndexOutOfRangeException: 在位置 0 处没有任何行。
   在 System.Data.RBTree`1.GetNodeByIndex(Int32 userIndex)
   在 System.Data.DataRowCollection.get_Item(Int32 index)
   在 GXEBRebackSaveTool.Utils.DBHelper.UpdateSrvEquipmentStatusBatch(DataTable dt) 位置 d:\ProjectDoc\revision\GXEBRebackSaveTool\GXEBRebackSaveTool\GXEBRebackSaveTool\Utils\DBHelper.cs:行号 80
2017-11-23 14:49:03,809 [23] INFO  GXEBRebackSaveTool.Utils.DataDealHelper [(null)] - 数据库存储结束-False
2017-11-23 14:49:09,654 [12] INFO  GXEBRebackSaveTool.Utils.DataDealHelper [(null)] - 开始解析数据-199
2017-11-23 14:49:13,809 [22] ERROR GXEBRebackSaveTool.Utils.DBHelper [(null)] - 批量更新设备在线状态发生异常
System.IndexOutOfRangeException: 在位置 0 处没有任何行。
   在 System.Data.RBTree`1.GetNodeByIndex(Int32 userIndex)
   在 System.Data.DataRowCollection.get_Item(Int32 index)
   在 GXEBRebackSaveTool.Utils.DBHelper.UpdateSrvEquipmentStatusBatch(DataTable dt) 位置 d:\ProjectDoc\revision\GXEBRebackSaveTool\GXEBRebackSaveTool\GXEBRebackSaveTool\Utils\DBHelper.cs:行号 80
2017-11-23 14:49:13,919 [22] INFO  GXEBRebackSaveTool.Utils.DataDealHelper [(null)] - 数据库存储结束-False
2017-11-23 14:49:19,707 [12] INFO  GXEBRebackSaveTool.Utils.DataDealHelper [(null)] - 开始解析数据-199
2017-11-23 14:49:23,838 [23] ERROR GXEBRebackSaveTool.Utils.DBHelper [(null)] - 批量更新设备在线状态发生异常
System.IndexOutOfRangeException: 在位置 0 处没有任何行。
   在 System.Data.RBTree`1.GetNodeByIndex(Int32 userIndex)
   在 System.Data.DataRowCollection.get_Item(Int32 index)
   在 GXEBRebackSaveTool.Utils.DBHelper.UpdateSrvEquipmentStatusBatch(DataTable dt) 位置 d:\ProjectDoc\revision\GXEBRebackSaveTool\GXEBRebackSaveTool\GXEBRebackSaveTool\Utils\DBHelper.cs:行号 80
2017-11-23 14:49:23,885 [23] INFO  GXEBRebackSaveTool.Utils.DataDealHelper [(null)] - 数据库存储结束-False
2017-11-23 14:49:29,790 [12] INFO  GXEBRebackSaveTool.Utils.DataDealHelper [(null)] - 开始解析数据-199
2017-11-23 14:49:33,835 [22] ERROR GXEBRebackSaveTool.Utils.DBHelper [(null)] - 批量更新设备在线状态发生异常
System.IndexOutOfRangeException: 在位置 0 处没有任何行。
   在 System.Data.RBTree`1.GetNodeByIndex(Int32 userIndex)
   在 System.Data.DataRowCollection.get_Item(Int32 index)
   在 GXEBRebackSaveTool.Utils.DBHelper.UpdateSrvEquipmentStatusBatch(DataTable dt) 位置 d:\ProjectDoc\revision\GXEBRebackSaveTool\GXEBRebackSaveTool\GXEBRebackSaveTool\Utils\DBHelper.cs:行号 80
2017-11-23 14:49:33,882 [22] INFO  GXEBRebackSaveTool.Utils.DataDealHelper [(null)] - 数据库存储结束-False
2017-11-23 14:49:39,740 [12] INFO  GXEBRebackSaveTool.Utils.DataDealHelper [(null)] - 开始解析数据-199
2017-11-23 14:49:43,849 [23] ERROR GXEBRebackSaveTool.Utils.DBHelper [(null)] - 批量更新设备在线状态发生异常
System.IndexOutOfRangeException: 在位置 0 处没有任何行。
   在 System.Data.RBTree`1.GetNodeByIndex(Int32 userIndex)
   在 System.Data.DataRowCollection.get_Item(Int32 index)
   在 GXEBRebackSaveTool.Utils.DBHelper.UpdateSrvEquipmentStatusBatch(DataTable dt) 位置 d:\ProjectDoc\revision\GXEBRebackSaveTool\GXEBRebackSaveTool\GXEBRebackSaveTool\Utils\DBHelper.cs:行号 80
2017-11-23 14:49:43,881 [23] INFO  GXEBRebackSaveTool.Utils.DataDealHelper [(null)] - 数据库存储结束-False
2017-11-23 14:49:49,723 [12] INFO  GXEBRebackSaveTool.Utils.DataDealHelper [(null)] - 开始解析数据-199
2017-11-23 14:49:53,920 [25] ERROR GXEBRebackSaveTool.Utils.DBHelper [(null)] - 批量更新设备在线状态发生异常
System.IndexOutOfRangeException: 在位置 0 处没有任何行。
   在 System.Data.RBTree`1.GetNodeByIndex(Int32 userIndex)
   在 System.Data.DataRowCollection.get_Item(Int32 index)
   在 GXEBRebackSaveTool.Utils.DBHelper.UpdateSrvEquipmentStatusBatch(DataTable dt) 位置 d:\ProjectDoc\revision\GXEBRebackSaveTool\GXEBRebackSaveTool\GXEBRebackSaveTool\Utils\DBHelper.cs:行号 80
2017-11-23 14:49:53,983 [25] INFO  GXEBRebackSaveTool.Utils.DataDealHelper [(null)] - 数据库存储结束-False
2017-11-23 14:49:59,840 [12] INFO  GXEBRebackSaveTool.Utils.DataDealHelper [(null)] - 开始解析数据-199
2017-11-23 14:50:03,925 [23] ERROR GXEBRebackSaveTool.Utils.DBHelper [(null)] - 批量更新设备在线状态发生异常
System.IndexOutOfRangeException: 在位置 0 处没有任何行。
   在 System.Data.RBTree`1.GetNodeByIndex(Int32 userIndex)
   在 System.Data.DataRowCollection.get_Item(Int32 index)
   在 GXEBRebackSaveTool.Utils.DBHelper.UpdateSrvEquipmentStatusBatch(DataTable dt) 位置 d:\ProjectDoc\revision\GXEBRebackSaveTool\GXEBRebackSaveTool\GXEBRebackSaveTool\Utils\DBHelper.cs:行号 80
2017-11-23 14:50:04,003 [23] INFO  GXEBRebackSaveTool.Utils.DataDealHelper [(null)] - 数据库存储结束-False
2017-11-23 14:50:09,918 [12] INFO  GXEBRebackSaveTool.Utils.DataDealHelper [(null)] - 开始解析数据-199
2017-11-23 15:00:14,498 [11] INFO  GXEBRebackSaveTool.Utils.DataDealHelper [(null)] - 开始解析数据-199
2017-11-23 15:00:17,438 [11] INFO  GXEBRebackSaveTool.Utils.DataDealHelper [(null)] - 开始解析数据-199
2017-11-23 15:13:59,997 [1] INFO  GXEBRebackSaveTool.Utils.NetServer [(null)] - TCP服务器关闭
2017-11-23 15:13:59,997 [4] INFO  GXEBRebackSaveTool.Utils.DataDealHelper [(null)] - 开始解析数据-199
2017-11-23 15:14:00,280 [1] INFO  GXEBRebackSaveTool.Utils.NetServer [(null)] - UDP服务器关闭
